Dec 02, 2019 6:22:12 AM org.apache.karaf.main.Main launch
INFO: Installing and starting initial bundles
Dec 02, 2019 6:22:15 AM org.apache.karaf.main.Main launch
INFO: All initial bundles installed and set to start
Dec 02, 2019 6:22:17 AM org.sonatype.nexus.karaf.NexusMain launch
INFO: ...launched Nexus!
Dec 02, 2019 6:22:17 AM org.apache.karaf.main.Main$KarafLockCallback lockAquired
INFO: Lock acquired. Setting startlevel to 100
Dec 02, 2019 8:52:03 AM org.apache.karaf.main.Main launch
INFO: Installing and starting initial bundles
Dec 02, 2019 8:52:06 AM org.apache.karaf.main.Main launch
INFO: All initial bundles installed and set to start
Dec 02, 2019 8:52:09 AM org.apache.karaf.main.Main$KarafLockCallback lockAquired
INFO: Lock acquired. Setting startlevel to 100
Dec 02, 2019 8:52:09 AM org.sonatype.nexus.karaf.NexusMain launch
INFO: ...launched Nexus!
Dec 05, 2019 5:59:25 AM org.apache.karaf.main.Main launch
INFO: Installing and starting initial bundles
Dec 05, 2019 5:59:28 AM org.apache.karaf.main.Main launch
INFO: All initial bundles installed and set to start
Dec 05, 2019 5:59:30 AM org.apache.karaf.main.Main$KarafLockCallback lockAquired
INFO: Lock acquired. Setting startlevel to 100
Dec 05, 2019 5:59:31 AM org.sonatype.nexus.karaf.NexusMain launch
INFO: ...launched Nexus!
Dec 09, 2019 6:59:28 AM org.apache.karaf.main.Main launch
INFO: Installing and starting initial bundles
Dec 09, 2019 6:59:31 AM org.apache.karaf.main.Main launch
INFO: All initial bundles installed and set to start
Dec 09, 2019 6:59:34 AM org.apache.karaf.main.Main$KarafLockCallback lockAquired
INFO: Lock acquired. Setting startlevel to 100
Dec 09, 2019 6:59:34 AM org.sonatype.nexus.karaf.NexusMain launch
INFO: ...launched Nexus!
Dec 10, 2019 5:57:20 AM org.apache.karaf.main.Main launch
INFO: Installing and starting initial bundles
Dec 10, 2019 5:57:22 AM org.apache.karaf.main.Main launch
INFO: All initial bundles installed and set to start
Dec 10, 2019 5:57:25 AM org.apache.karaf.main.Main$KarafLockCallback lockAquired
INFO: Lock acquired. Setting startlevel to 100
Dec 10, 2019 5:57:25 AM org.sonatype.nexus.karaf.NexusMain launch
INFO: ...launched Nexus!
Dec 11, 2019 7:55:16 AM org.apache.karaf.main.Main launch
INFO: Installing and starting initial bundles
Dec 11, 2019 7:55:18 AM org.apache.karaf.main.Main launch
INFO: All initial bundles installed and set to start
Dec 11, 2019 7:55:23 AM org.apache.karaf.main.Main$KarafLockCallback lockAquired
INFO: Lock acquired. Setting startlevel to 100
Dec 11, 2019 7:55:23 AM org.sonatype.nexus.karaf.NexusMain launch
INFO: ...launched Nexus!
Dec 19, 2019 9:05:13 AM org.apache.karaf.main.Main launch
INFO: Installing and starting initial bundles
Dec 19, 2019 9:05:15 AM org.apache.karaf.main.Main launch
INFO: All initial bundles installed and set to start
Dec 19, 2019 9:05:17 AM org.apache.karaf.main.Main$KarafLockCallback lockAquired
INFO: Lock acquired. Setting startlevel to 100
Dec 19, 2019 9:05:17 AM org.sonatype.nexus.karaf.NexusMain launch
INFO: ...launched Nexus!
Jan 09, 2020 9:06:24 AM org.apache.karaf.main.Main launch
INFO: Installing and starting initial bundles
Jan 09, 2020 9:06:26 AM org.apache.karaf.main.Main launch
INFO: All initial bundles installed and set to start
Jan 09, 2020 9:06:30 AM org.apache.karaf.main.Main$KarafLockCallback lockAquired
INFO: Lock acquired. Setting startlevel to 100
Jan 09, 2020 9:06:30 AM org.sonatype.nexus.karaf.NexusMain launch
INFO: ...launched Nexus!
Apr 13, 2020 7:08:47 AM org.apache.karaf.main.Main launch
INFO: Installing and starting initial bundles
Apr 13, 2020 7:08:49 AM org.apache.karaf.main.Main launch
INFO: All initial bundles installed and set to start
Apr 13, 2020 7:08:52 AM org.apache.karaf.main.Main$KarafLockCallback lockAquired
INFO: Lock acquired. Setting startlevel to 100
Apr 13, 2020 7:08:52 AM org.sonatype.nexus.karaf.NexusMain launch
INFO: ...launched Nexus!
