2020-04-13 07:09:10,540+0000 WARN  [FelixStartLevel]  *SYSTEM uk.org.lidalia.sysoutslf4j.context.SysOutOverSLF4JInitialiser - Your logging framework class org.ops4j.pax.logging.slf4j.Slf4jLogger is not known - if it needs access to the standard println methods on the console you will need to register it by calling registerLoggingSystemPackage
2020-04-13 07:09:10,593+0000 INFO  [FelixStartLevel]  *SYSTEM uk.org.lidalia.sysoutslf4j.context.SysOutOverSLF4J - Package org.ops4j.pax.logging.slf4j registered; all classes within it or subpackages of it will be allowed to print to System.out and System.err
2020-04-13 07:09:10,646+0000 INFO  [FelixStartLevel]  *SYSTEM uk.org.lidalia.sysoutslf4j.context.SysOutOverSLF4J - Replaced standard System.out and System.err PrintStreams with SLF4JPrintStreams
2020-04-13 07:09:10,661+0000 INFO  [FelixStartLevel]  *SYSTEM uk.org.lidalia.sysoutslf4j.context.SysOutOverSLF4J - Redirected System.out and System.err to SLF4J for this context
2020-04-13 07:09:10,707+0000 INFO  [FelixStartLevel]  *SYSTEM org.sonatype.nexus.bootstrap.ConfigurationBuilder - Properties:
2020-04-13 07:09:10,719+0000 INFO  [FelixStartLevel]  *SYSTEM org.sonatype.nexus.bootstrap.ConfigurationBuilder -   application-host='0.0.0.0'
2020-04-13 07:09:10,720+0000 INFO  [FelixStartLevel]  *SYSTEM org.sonatype.nexus.bootstrap.ConfigurationBuilder -   application-port='8081'
2020-04-13 07:09:10,747+0000 INFO  [FelixStartLevel]  *SYSTEM org.sonatype.nexus.bootstrap.ConfigurationBuilder -   fabric.etc='/opt/sonatype/nexus/etc/fabric'
2020-04-13 07:09:10,751+0000 INFO  [FelixStartLevel]  *SYSTEM org.sonatype.nexus.bootstrap.ConfigurationBuilder -   jetty.etc='/opt/sonatype/nexus/etc/jetty'
2020-04-13 07:09:10,753+0000 INFO  [FelixStartLevel]  *SYSTEM org.sonatype.nexus.bootstrap.ConfigurationBuilder -   karaf.base='/opt/sonatype/nexus'
2020-04-13 07:09:10,754+0000 INFO  [FelixStartLevel]  *SYSTEM org.sonatype.nexus.bootstrap.ConfigurationBuilder -   karaf.data='/nexus-data'
2020-04-13 07:09:10,754+0000 INFO  [FelixStartLevel]  *SYSTEM org.sonatype.nexus.bootstrap.ConfigurationBuilder -   karaf.etc='/opt/sonatype/nexus/etc/karaf'
2020-04-13 07:09:10,755+0000 INFO  [FelixStartLevel]  *SYSTEM org.sonatype.nexus.bootstrap.ConfigurationBuilder -   karaf.home='/opt/sonatype/nexus'
2020-04-13 07:09:10,763+0000 INFO  [FelixStartLevel]  *SYSTEM org.sonatype.nexus.bootstrap.ConfigurationBuilder -   karaf.instances='/nexus-data/instances'
2020-04-13 07:09:10,764+0000 INFO  [FelixStartLevel]  *SYSTEM org.sonatype.nexus.bootstrap.ConfigurationBuilder -   logback.etc='/opt/sonatype/nexus/etc/logback'
2020-04-13 07:09:10,765+0000 INFO  [FelixStartLevel]  *SYSTEM org.sonatype.nexus.bootstrap.ConfigurationBuilder -   nexus-args='/opt/sonatype/nexus/etc/jetty/jetty.xml,/opt/sonatype/nexus/etc/jetty/jetty-http.xml,/opt/sonatype/nexus/etc/jetty/jetty-requestlog.xml'
2020-04-13 07:09:10,766+0000 INFO  [FelixStartLevel]  *SYSTEM org.sonatype.nexus.bootstrap.ConfigurationBuilder -   nexus-context-path='/nexus'
2020-04-13 07:09:10,766+0000 INFO  [FelixStartLevel]  *SYSTEM org.sonatype.nexus.bootstrap.ConfigurationBuilder -   nexus-edition='nexus-pro-edition'
2020-04-13 07:09:10,767+0000 INFO  [FelixStartLevel]  *SYSTEM org.sonatype.nexus.bootstrap.ConfigurationBuilder -   nexus-features='nexus-pro-feature'
2020-04-13 07:09:10,767+0000 INFO  [FelixStartLevel]  *SYSTEM org.sonatype.nexus.bootstrap.ConfigurationBuilder -   nexus.clustered='false'
2020-04-13 07:09:10,768+0000 INFO  [FelixStartLevel]  *SYSTEM org.sonatype.nexus.bootstrap.ConfigurationBuilder -   org.sonatype.nexus.repository.httpbridge.internal.HttpBridgeModule.legacy='true'
2020-04-13 07:09:10,775+0000 INFO  [FelixStartLevel]  *SYSTEM org.sonatype.nexus.bootstrap.ConfigurationBuilder -   ssl.etc='/opt/sonatype/nexus/etc/ssl'
2020-04-13 07:09:10,776+0000 INFO  [FelixStartLevel]  *SYSTEM org.sonatype.nexus.bootstrap.Launcher - Java: 1.8.0_152, Java HotSpot(TM) 64-Bit Server VM, Oracle Corporation, 25.152-b16
2020-04-13 07:09:10,779+0000 INFO  [FelixStartLevel]  *SYSTEM org.sonatype.nexus.bootstrap.Launcher - OS: Linux, 4.4.0-1100-aws, amd64
2020-04-13 07:09:10,782+0000 INFO  [FelixStartLevel]  *SYSTEM org.sonatype.nexus.bootstrap.Launcher - User: nexus, en, /opt/sonatype/nexus
2020-04-13 07:09:10,782+0000 INFO  [FelixStartLevel]  *SYSTEM org.sonatype.nexus.bootstrap.Launcher - CWD: /opt/sonatype/nexus
2020-04-13 07:09:10,792+0000 INFO  [FelixStartLevel]  *SYSTEM org.sonatype.nexus.bootstrap.Launcher - TMP: /nexus-data/tmp
2020-04-13 07:09:10,810+0000 INFO  [FelixStartLevel]  *SYSTEM org.sonatype.nexus.bootstrap.jetty.JettyServer - Starting
2020-04-13 07:09:10,888+0000 INFO  [FelixStartLevel]  *SYSTEM org.eclipse.jetty.util.log - Logging initialized @29841ms
2020-04-13 07:09:10,972+0000 INFO  [FelixStartLevel]  *SYSTEM org.sonatype.nexus.bootstrap.jetty.JettyServer - Applying configuration: file:/opt/sonatype/nexus/etc/jetty/jetty.xml
2020-04-13 07:09:11,635+0000 INFO  [FelixStartLevel]  *SYSTEM org.sonatype.nexus.bootstrap.jetty.JettyServer - Applying configuration: file:/opt/sonatype/nexus/etc/jetty/jetty-http.xml
2020-04-13 07:09:11,871+0000 INFO  [FelixStartLevel]  *SYSTEM org.sonatype.nexus.bootstrap.jetty.JettyServer - Applying configuration: file:/opt/sonatype/nexus/etc/jetty/jetty-requestlog.xml
2020-04-13 07:09:12,181+0000 INFO  [jetty-main-1]  *SYSTEM org.sonatype.nexus.bootstrap.jetty.JettyServer - Starting: org.eclipse.jetty.server.Server@45b26de8
2020-04-13 07:09:12,273+0000 INFO  [jetty-main-1]  *SYSTEM org.eclipse.jetty.server.Server - jetty-9.3.20.v20170531
2020-04-13 07:09:12,968+0000 INFO  [jetty-main-1]  *SYSTEM org.sonatype.nexus.bootstrap.osgi.BootstrapListener - Initializing
2020-04-13 07:09:13,008+0000 INFO  [jetty-main-1]  *SYSTEM org.sonatype.nexus.bootstrap.osgi.BootstrapListener - Loading OSS Edition
2020-04-13 07:09:13,078+0000 INFO  [jetty-main-1]  *SYSTEM org.sonatype.nexus.bootstrap.osgi.BootstrapListener - Installing: nexus-oss-edition/3.7.1.02
2020-04-13 07:09:20,408+0000 INFO  [jetty-main-1]  *SYSTEM org.sonatype.nexus.bootstrap.osgi.BootstrapListener - Installed: nexus-oss-edition/3.7.1.02
2020-04-13 07:09:24,937+0000 INFO  [jetty-main-1]  *SYSTEM org.apache.shiro.nexus.NexusWebSessionManager - Global session timeout: 1800000 ms
2020-04-13 07:09:24,937+0000 INFO  [jetty-main-1]  *SYSTEM org.apache.shiro.nexus.NexusWebSessionManager - Session-cookie prototype: name=NXSESSIONID
2020-04-13 07:09:25,273+0000 INFO  [jetty-main-1]  *SYSTEM org.sonatype.nexus.extender.NexusBundleTracker - ACTIVATING org.apache.tika.core [117]
2020-04-13 07:09:25,858+0000 INFO  [jetty-main-1]  *SYSTEM org.hibernate.validator.internal.util.Version - HV000001: Hibernate Validator 5.1.2.Final
2020-04-13 07:09:26,930+0000 INFO  [jetty-main-1]  *SYSTEM org.sonatype.nexus.extender.NexusBundleTracker - ACTIVATED org.apache.tika.core [117]
2020-04-13 07:09:26,941+0000 INFO  [jetty-main-1]  *SYSTEM org.sonatype.nexus.extender.NexusBundleTracker - ACTIVATING org.sonatype.nexus.common [140]
2020-04-13 07:09:27,435+0000 INFO  [jetty-main-1]  *SYSTEM org.sonatype.nexus.extender.NexusBundleTracker - ACTIVATED org.sonatype.nexus.common [140]
2020-04-13 07:09:27,436+0000 INFO  [jetty-main-1]  *SYSTEM org.sonatype.nexus.extender.NexusBundleTracker - ACTIVATING org.hibernate.validator [124]
2020-04-13 07:09:27,795+0000 INFO  [jetty-main-1]  *SYSTEM org.sonatype.nexus.extender.NexusBundleTracker - ACTIVATED org.hibernate.validator [124]
2020-04-13 07:09:27,796+0000 INFO  [jetty-main-1]  *SYSTEM org.sonatype.nexus.extender.NexusBundleTracker - ACTIVATING org.sonatype.nexus.analytics-api [131]
2020-04-13 07:09:28,069+0000 INFO  [jetty-main-1]  *SYSTEM org.sonatype.nexus.extender.NexusBundleTracker - ACTIVATED org.sonatype.nexus.analytics-api [131]
2020-04-13 07:09:28,084+0000 INFO  [jetty-main-1]  *SYSTEM org.sonatype.nexus.extender.NexusBundleTracker - ACTIVATING org.sonatype.nexus.commands [139]
2020-04-13 07:09:28,404+0000 INFO  [jetty-main-1]  *SYSTEM org.sonatype.nexus.extender.NexusBundleTracker - ACTIVATED org.sonatype.nexus.commands [139]
2020-04-13 07:09:28,405+0000 INFO  [jetty-main-1]  *SYSTEM org.sonatype.nexus.extender.NexusBundleTracker - ACTIVATING org.sonatype.nexus.crypto [141]
2020-04-13 07:09:28,755+0000 INFO  [jetty-main-1]  *SYSTEM org.sonatype.nexus.extender.NexusBundleTracker - ACTIVATED org.sonatype.nexus.crypto [141]
2020-04-13 07:09:28,782+0000 INFO  [jetty-main-1]  *SYSTEM org.sonatype.nexus.extender.NexusBundleTracker - ACTIVATING org.sonatype.nexus.jmx [148]
2020-04-13 07:09:29,051+0000 INFO  [jetty-main-1]  *SYSTEM org.sonatype.nexus.extender.NexusBundleTracker - ACTIVATED org.sonatype.nexus.jmx [148]
2020-04-13 07:09:29,069+0000 INFO  [jetty-main-1]  *SYSTEM org.sonatype.nexus.extender.NexusBundleTracker - ACTIVATING org.sonatype.nexus.cache [137]
2020-04-13 07:09:29,473+0000 INFO  [jetty-main-1]  *SYSTEM org.sonatype.nexus.extender.NexusBundleTracker - ACTIVATED org.sonatype.nexus.cache [137]
2020-04-13 07:09:29,473+0000 INFO  [jetty-main-1]  *SYSTEM org.sonatype.nexus.extender.NexusBundleTracker - ACTIVATING org.sonatype.nexus.security [157]
2020-04-13 07:09:31,073+0000 INFO  [jetty-main-1]  *SYSTEM org.sonatype.nexus.extender.NexusBundleTracker - ACTIVATED org.sonatype.nexus.security [157]
2020-04-13 07:09:31,079+0000 INFO  [jetty-main-1]  *SYSTEM org.sonatype.nexus.extender.NexusBundleTracker - ACTIVATING org.sonatype.nexus.orient [150]
2020-04-13 07:09:31,866+0000 INFO  [jetty-main-1]  *SYSTEM org.sonatype.nexus.extender.NexusBundleTracker - ACTIVATED org.sonatype.nexus.orient [150]
2020-04-13 07:09:31,867+0000 INFO  [jetty-main-1]  *SYSTEM org.sonatype.nexus.extender.NexusBundleTracker - ACTIVATING org.sonatype.nexus.base [133]
2020-04-13 07:09:33,198+0000 INFO  [jetty-main-1]  *SYSTEM org.sonatype.nexus.internal.metrics.MetricsModule - Metrics support configured
2020-04-13 07:09:39,004+0000 INFO  [jetty-main-1]  *SYSTEM org.sonatype.nexus.extender.NexusBundleTracker - ACTIVATED org.sonatype.nexus.base [133]
2020-04-13 07:09:39,010+0000 INFO  [jetty-main-1]  *SYSTEM org.sonatype.nexus.extender.NexusBundleTracker - ACTIVATING org.sonatype.nexus.blobstore [134]
2020-04-13 07:09:39,191+0000 INFO  [jetty-main-1]  *SYSTEM org.sonatype.nexus.extender.NexusBundleTracker - ACTIVATED org.sonatype.nexus.blobstore [134]
2020-04-13 07:09:39,191+0000 INFO  [jetty-main-1]  *SYSTEM org.sonatype.nexus.extender.NexusBundleTracker - ACTIVATING org.sonatype.nexus.blobstore-file [136]
2020-04-13 07:09:39,409+0000 INFO  [jetty-main-1]  *SYSTEM org.sonatype.nexus.extender.NexusBundleTracker - ACTIVATED org.sonatype.nexus.blobstore-file [136]
2020-04-13 07:09:39,410+0000 INFO  [jetty-main-1]  *SYSTEM org.sonatype.nexus.extender.NexusBundleTracker - ACTIVATING org.sonatype.nexus.capability [138]
2020-04-13 07:09:39,721+0000 INFO  [jetty-main-1]  *SYSTEM org.sonatype.nexus.extender.NexusBundleTracker - ACTIVATED org.sonatype.nexus.capability [138]
2020-04-13 07:09:39,722+0000 INFO  [jetty-main-1]  *SYSTEM org.sonatype.nexus.extender.NexusBundleTracker - ACTIVATING org.sonatype.nexus.email [142]
2020-04-13 07:09:39,877+0000 INFO  [jetty-main-1]  *SYSTEM org.sonatype.nexus.extender.NexusBundleTracker - ACTIVATED org.sonatype.nexus.email [142]
2020-04-13 07:09:39,923+0000 INFO  [jetty-main-1]  *SYSTEM org.sonatype.nexus.extender.NexusBundleTracker - ACTIVATING org.sonatype.nexus.extdirect [143]
2020-04-13 07:09:40,423+0000 INFO  [jetty-main-1]  *SYSTEM org.sonatype.nexus.extender.NexusBundleTracker - ACTIVATED org.sonatype.nexus.extdirect [143]
2020-04-13 07:09:40,424+0000 INFO  [jetty-main-1]  *SYSTEM org.sonatype.nexus.extender.NexusBundleTracker - ACTIVATING org.sonatype.nexus.httpclient [147]
2020-04-13 07:09:40,668+0000 INFO  [jetty-main-1]  *SYSTEM org.sonatype.nexus.extender.NexusBundleTracker - ACTIVATED org.sonatype.nexus.httpclient [147]
2020-04-13 07:09:40,669+0000 INFO  [jetty-main-1]  *SYSTEM org.sonatype.nexus.extender.NexusBundleTracker - ACTIVATING org.sonatype.nexus.oss-edition [151]
2020-04-13 07:09:40,823+0000 INFO  [jetty-main-1]  *SYSTEM org.sonatype.nexus.extender.NexusBundleTracker - ACTIVATED org.sonatype.nexus.oss-edition [151]
2020-04-13 07:09:40,824+0000 INFO  [jetty-main-1]  *SYSTEM org.sonatype.nexus.extender.NexusBundleTracker - ACTIVATING org.sonatype.nexus.rapture [153]
2020-04-13 07:09:42,273+0000 INFO  [jetty-main-1]  *SYSTEM org.sonatype.nexus.extender.NexusBundleTracker - ACTIVATED org.sonatype.nexus.rapture [153]
2020-04-13 07:09:42,273+0000 INFO  [jetty-main-1]  *SYSTEM org.sonatype.nexus.extender.NexusBundleTracker - ACTIVATING org.sonatype.nexus.rest-jackson2 [155]
2020-04-13 07:09:42,511+0000 INFO  [jetty-main-1]  *SYSTEM org.sonatype.nexus.extender.NexusBundleTracker - ACTIVATED org.sonatype.nexus.rest-jackson2 [155]
2020-04-13 07:09:42,512+0000 INFO  [jetty-main-1]  *SYSTEM org.sonatype.nexus.extender.NexusBundleTracker - ACTIVATING org.sonatype.nexus.scheduling [156]
2020-04-13 07:09:42,812+0000 INFO  [jetty-main-1]  *SYSTEM org.sonatype.nexus.extender.NexusBundleTracker - ACTIVATED org.sonatype.nexus.scheduling [156]
2020-04-13 07:09:42,853+0000 INFO  [jetty-main-1]  *SYSTEM org.sonatype.nexus.extender.NexusBundleTracker - ACTIVATING org.sonatype.nexus.siesta [159]
2020-04-13 07:09:43,341+0000 INFO  [jetty-main-1]  *SYSTEM org.sonatype.nexus.extender.NexusBundleTracker - ACTIVATED org.sonatype.nexus.siesta [159]
2020-04-13 07:09:43,345+0000 INFO  [jetty-main-1]  *SYSTEM org.sonatype.nexus.extender.NexusBundleTracker - ACTIVATING org.sonatype.nexus.swagger [162]
2020-04-13 07:09:43,610+0000 INFO  [jetty-main-1]  *SYSTEM org.sonatype.nexus.extender.NexusBundleTracker - ACTIVATED org.sonatype.nexus.swagger [162]
2020-04-13 07:09:43,610+0000 INFO  [jetty-main-1]  *SYSTEM org.sonatype.nexus.extender.NexusBundleTracker - ACTIVATING org.sonatype.nexus.upgrade [165]
2020-04-13 07:09:43,955+0000 INFO  [jetty-main-1]  *SYSTEM org.sonatype.nexus.extender.NexusBundleTracker - ACTIVATED org.sonatype.nexus.upgrade [165]
2020-04-13 07:09:43,981+0000 INFO  [jetty-main-1]  *SYSTEM org.sonatype.nexus.extender.NexusLifecycleManager - Start KERNEL
2020-04-13 07:09:44,006+0000 INFO  [jetty-main-1]  *SYSTEM org.sonatype.nexus.internal.log.LogbackLoggerOverrides - File: /nexus-data/etc/logback/logback-overrides.xml
2020-04-13 07:09:44,026+0000 INFO  [jetty-main-1]  *SYSTEM org.sonatype.nexus.internal.log.LogbackLogManager - Configuring
2020-04-13 07:09:44,109+0000 INFO  [jetty-main-1]  *SYSTEM org.sonatype.nexus.extender.NexusContextListener - Installing: [nexus-oss-feature/3.7.1.02]
2020-04-13 07:09:51,164+0000 INFO  [FelixStartLevel]  *SYSTEM org.sonatype.nexus.extender.NexusBundleTracker - ACTIVATING org.sonatype.nexus.plugins.nexus-repository-raw [205]
2020-04-13 07:09:53,060+0000 INFO  [FelixStartLevel]  *SYSTEM org.sonatype.nexus.extender.NexusBundleTracker - ACTIVATED org.sonatype.nexus.plugins.nexus-repository-raw [205]
2020-04-13 07:09:53,156+0000 INFO  [FelixStartLevel]  *SYSTEM org.sonatype.nexus.extender.NexusBundleTracker - ACTIVATING org.sonatype.nexus.plugins.nexus-blobstore-tasks [201]
2020-04-13 07:09:53,190+0000 INFO  [jetty-main-1]  *SYSTEM org.sonatype.nexus.extender.NexusContextListener - Installed: [nexus-oss-feature/3.7.1.02]
2020-04-13 07:09:53,346+0000 INFO  [FelixStartLevel]  *SYSTEM org.sonatype.nexus.extender.NexusBundleTracker - ACTIVATED org.sonatype.nexus.plugins.nexus-blobstore-tasks [201]
2020-04-13 07:09:53,347+0000 INFO  [FelixStartLevel]  *SYSTEM org.sonatype.nexus.extender.NexusBundleTracker - ACTIVATING org.sonatype.nexus.selector [213]
2020-04-13 07:09:53,533+0000 INFO  [FelixStartLevel]  *SYSTEM org.sonatype.nexus.extender.NexusBundleTracker - ACTIVATED org.sonatype.nexus.selector [213]
2020-04-13 07:09:53,543+0000 INFO  [FelixStartLevel]  *SYSTEM org.sonatype.nexus.extender.NexusBundleTracker - ACTIVATING org.sonatype.nexus.plugins.nexus-repository-maven [204]
2020-04-13 07:09:53,998+0000 INFO  [FelixStartLevel]  *SYSTEM org.sonatype.nexus.extender.NexusBundleTracker - ACTIVATED org.sonatype.nexus.plugins.nexus-repository-maven [204]
2020-04-13 07:09:53,999+0000 INFO  [FelixStartLevel]  *SYSTEM org.sonatype.nexus.extender.NexusBundleTracker - ACTIVATING org.sonatype.nexus.plugins.nexus-restore-maven [206]
2020-04-13 07:09:54,039+0000 INFO  [FelixStartLevel]  *SYSTEM org.sonatype.nexus.extender.NexusBundleTracker - ACTIVATED org.sonatype.nexus.plugins.nexus-restore-maven [206]
2020-04-13 07:09:54,040+0000 INFO  [FelixStartLevel]  *SYSTEM org.sonatype.nexus.extender.NexusBundleTracker - ACTIVATING org.sonatype.nexus.plugins.nexus-repository-httpbridge [203]
2020-04-13 07:09:54,222+0000 INFO  [FelixStartLevel]  *SYSTEM org.sonatype.nexus.extender.NexusBundleTracker - ACTIVATED org.sonatype.nexus.plugins.nexus-repository-httpbridge [203]
2020-04-13 07:09:54,231+0000 INFO  [FelixStartLevel]  *SYSTEM org.sonatype.nexus.extender.NexusBundleTracker - ACTIVATING org.sonatype.nexus.plugins.nexus-script-plugin [207]
2020-04-13 07:09:54,414+0000 INFO  [FelixStartLevel]  *SYSTEM org.sonatype.nexus.extender.NexusBundleTracker - ACTIVATED org.sonatype.nexus.plugins.nexus-script-plugin [207]
2020-04-13 07:09:54,416+0000 INFO  [FelixStartLevel]  *SYSTEM org.sonatype.nexus.extender.NexusBundleTracker - ACTIVATING org.sonatype.nexus.plugins.nexus-coreui-plugin [202]
2020-04-13 07:09:55,907+0000 INFO  [FelixStartLevel]  *SYSTEM org.sonatype.nexus.extender.NexusBundleTracker - ACTIVATED org.sonatype.nexus.plugins.nexus-coreui-plugin [202]
2020-04-13 07:09:55,908+0000 INFO  [FelixStartLevel]  *SYSTEM org.sonatype.nexus.extender.NexusBundleTracker - ACTIVATING org.sonatype.nexus.elasticsearch [199]
2020-04-13 07:09:56,002+0000 INFO  [FelixStartLevel]  *SYSTEM org.sonatype.nexus.extender.NexusBundleTracker - ACTIVATED org.sonatype.nexus.elasticsearch [199]
2020-04-13 07:09:56,003+0000 INFO  [FelixStartLevel]  *SYSTEM org.sonatype.nexus.extender.NexusBundleTracker - ACTIVATING org.sonatype.nexus.repository [211]
2020-04-13 07:09:57,055+0000 INFO  [FelixStartLevel]  *SYSTEM org.sonatype.nexus.extender.NexusBundleTracker - ACTIVATED org.sonatype.nexus.repository [211]
2020-04-13 07:09:57,059+0000 INFO  [FelixStartLevel]  *SYSTEM org.sonatype.nexus.extender.NexusBundleTracker - ACTIVATING org.sonatype.nexus.quartz [210]
2020-04-13 07:09:57,323+0000 INFO  [FelixStartLevel]  *SYSTEM org.sonatype.nexus.extender.NexusBundleTracker - ACTIVATED org.sonatype.nexus.quartz [210]
2020-04-13 07:09:57,324+0000 INFO  [FelixStartLevel]  *SYSTEM org.sonatype.nexus.extender.NexusBundleTracker - ACTIVATING org.sonatype.nexus.plugins.nexus-audit-plugin [200]
2020-04-13 07:09:57,655+0000 INFO  [FelixStartLevel]  *SYSTEM org.sonatype.nexus.extender.NexusBundleTracker - ACTIVATED org.sonatype.nexus.plugins.nexus-audit-plugin [200]
2020-04-13 07:09:57,656+0000 INFO  [FelixStartLevel]  *SYSTEM org.sonatype.nexus.extender.NexusBundleTracker - ACTIVATING org.sonatype.nexus.plugins.nexus-ssl-plugin [208]
2020-04-13 07:09:57,905+0000 INFO  [FelixStartLevel]  *SYSTEM org.sonatype.nexus.extender.NexusBundleTracker - ACTIVATED org.sonatype.nexus.plugins.nexus-ssl-plugin [208]
2020-04-13 07:09:57,906+0000 INFO  [FelixStartLevel]  *SYSTEM org.sonatype.nexus.extender.NexusBundleTracker - ACTIVATING org.sonatype.nexus.plugins.nexus-task-log-cleanup [209]
2020-04-13 07:09:57,983+0000 INFO  [FelixStartLevel]  *SYSTEM org.sonatype.nexus.extender.NexusBundleTracker - ACTIVATED org.sonatype.nexus.plugins.nexus-task-log-cleanup [209]
2020-04-13 07:09:58,000+0000 INFO  [FelixStartLevel]  *SYSTEM org.sonatype.nexus.extender.NexusBundleTracker - ACTIVATING org.sonatype.nexus.core [198]
2020-04-13 07:09:59,044+0000 INFO  [FelixStartLevel]  *SYSTEM org.sonatype.nexus.extender.NexusBundleTracker - ACTIVATED org.sonatype.nexus.core [198]
2020-04-13 07:09:59,061+0000 INFO  [FelixStartLevel]  *SYSTEM org.sonatype.nexus.extender.NexusBundleTracker - ACTIVATING wrap_file__opt_sonatype_nexus_system_com_sonatype_licensing_license-bundle_1.4.3_license-bundle-1.4.3.jar [254]
2020-04-13 07:09:59,281+0000 INFO  [FelixStartLevel]  *SYSTEM org.sonatype.nexus.extender.NexusBundleTracker - ACTIVATED wrap_file__opt_sonatype_nexus_system_com_sonatype_licensing_license-bundle_1.4.3_license-bundle-1.4.3.jar [254]
2020-04-13 07:09:59,287+0000 INFO  [FelixStartLevel]  *SYSTEM org.sonatype.nexus.extender.NexusBundleTracker - ACTIVATING com.sonatype.nexus.licensing-extension [222]
2020-04-13 07:09:59,362+0000 INFO  [FelixStartLevel]  *SYSTEM org.sonatype.nexus.extender.NexusBundleTracker - ACTIVATED com.sonatype.nexus.licensing-extension [222]
2020-04-13 07:09:59,364+0000 INFO  [FelixStartLevel]  *SYSTEM org.sonatype.nexus.extender.NexusBundleTracker - ACTIVATING wrap_file__opt_sonatype_nexus_system_com_sonatype_insight_scan_insight-scanner-model-io_2.8.0-01_insight-scanner-model-io-2.8.0-01.jar [252]
2020-04-13 07:09:59,486+0000 INFO  [FelixStartLevel]  *SYSTEM org.sonatype.nexus.extender.NexusBundleTracker - ACTIVATED wrap_file__opt_sonatype_nexus_system_com_sonatype_insight_scan_insight-scanner-model-io_2.8.0-01_insight-scanner-model-io-2.8.0-01.jar [252]
2020-04-13 07:09:59,487+0000 INFO  [FelixStartLevel]  *SYSTEM org.sonatype.nexus.extender.NexusBundleTracker - ACTIVATING wrap_file__opt_sonatype_nexus_system_com_sonatype_insight_scan_insight-scanner-core_2.8.0-01_insight-scanner-core-2.8.0-01.jar [251]
2020-04-13 07:09:59,540+0000 INFO  [FelixStartLevel]  *SYSTEM org.sonatype.nexus.extender.NexusBundleTracker - ACTIVATED wrap_file__opt_sonatype_nexus_system_com_sonatype_insight_scan_insight-scanner-core_2.8.0-01_insight-scanner-core-2.8.0-01.jar [251]
2020-04-13 07:09:59,546+0000 INFO  [FelixStartLevel]  *SYSTEM org.sonatype.nexus.extender.NexusBundleTracker - ACTIVATING com.sonatype.nexus.plugins.nexus-healthcheck-base [225]
2020-04-13 07:09:59,774+0000 INFO  [FelixStartLevel]  *SYSTEM org.sonatype.nexus.extender.NexusBundleTracker - ACTIVATED com.sonatype.nexus.plugins.nexus-healthcheck-base [225]
2020-04-13 07:09:59,774+0000 INFO  [FelixStartLevel]  *SYSTEM org.sonatype.nexus.extender.NexusBundleTracker - ACTIVATING com.sonatype.nexus.plugins.nexus-ahc-plugin [223]
2020-04-13 07:09:59,835+0000 INFO  [FelixStartLevel]  *SYSTEM org.sonatype.nexus.extender.NexusBundleTracker - ACTIVATED com.sonatype.nexus.plugins.nexus-ahc-plugin [223]
2020-04-13 07:09:59,836+0000 INFO  [FelixStartLevel]  *SYSTEM org.sonatype.nexus.extender.NexusBundleTracker - ACTIVATING org.sonatype.nexus.rest-client [249]
2020-04-13 07:09:59,914+0000 INFO  [FelixStartLevel]  *SYSTEM org.sonatype.nexus.extender.NexusBundleTracker - ACTIVATED org.sonatype.nexus.rest-client [249]
2020-04-13 07:09:59,919+0000 INFO  [FelixStartLevel]  *SYSTEM org.sonatype.nexus.extender.NexusBundleTracker - ACTIVATING com.sonatype.nexus.plugins.nexus-analytics-plugin [224]
2020-04-13 07:10:00,080+0000 INFO  [FelixStartLevel]  *SYSTEM org.sonatype.nexus.extender.NexusBundleTracker - ACTIVATED com.sonatype.nexus.plugins.nexus-analytics-plugin [224]
2020-04-13 07:10:00,087+0000 INFO  [FelixStartLevel]  *SYSTEM org.sonatype.nexus.extender.NexusBundleTracker - ACTIVATING com.sonatype.nexus.plugins.nexus-healthcheck-oss-plugin [226]
2020-04-13 07:10:00,231+0000 INFO  [FelixStartLevel]  *SYSTEM org.sonatype.nexus.extender.NexusBundleTracker - ACTIVATED com.sonatype.nexus.plugins.nexus-healthcheck-oss-plugin [226]
2020-04-13 07:10:00,241+0000 INFO  [FelixStartLevel]  *SYSTEM org.sonatype.nexus.extender.NexusBundleTracker - ACTIVATING com.sonatype.nexus.plugins.nexus-ldap-plugin [227]
2020-04-13 07:10:00,445+0000 INFO  [FelixStartLevel]  *SYSTEM org.sonatype.nexus.extender.NexusBundleTracker - ACTIVATED com.sonatype.nexus.plugins.nexus-ldap-plugin [227]
2020-04-13 07:10:00,446+0000 INFO  [FelixStartLevel]  *SYSTEM org.sonatype.nexus.extender.NexusBundleTracker - ACTIVATING com.sonatype.nexus.plugins.nexus-licensing-plugin [228]
2020-04-13 07:10:00,597+0000 INFO  [FelixStartLevel]  *SYSTEM org.sonatype.nexus.extender.NexusBundleTracker - ACTIVATED com.sonatype.nexus.plugins.nexus-licensing-plugin [228]
2020-04-13 07:10:00,598+0000 INFO  [FelixStartLevel]  *SYSTEM org.sonatype.nexus.extender.NexusBundleTracker - ACTIVATING com.sonatype.nexus.plugins.nexus-repository-npm [236]
2020-04-13 07:10:00,845+0000 INFO  [FelixStartLevel]  *SYSTEM org.sonatype.nexus.extender.NexusBundleTracker - ACTIVATED com.sonatype.nexus.plugins.nexus-repository-npm [236]
2020-04-13 07:10:00,846+0000 INFO  [FelixStartLevel]  *SYSTEM org.sonatype.nexus.extender.NexusBundleTracker - ACTIVATING com.sonatype.nexus.plugins.nexus-repository-nuget [237]
2020-04-13 07:10:01,041+0000 INFO  [FelixStartLevel]  *SYSTEM org.sonatype.nexus.extender.NexusBundleTracker - ACTIVATED com.sonatype.nexus.plugins.nexus-repository-nuget [237]
2020-04-13 07:10:01,042+0000 INFO  [FelixStartLevel]  *SYSTEM org.sonatype.nexus.extender.NexusBundleTracker - ACTIVATING com.sonatype.nexus.plugins.nexus-repository-rubygems [239]
2020-04-13 07:10:01,194+0000 INFO  [FelixStartLevel]  *SYSTEM org.sonatype.nexus.extender.NexusBundleTracker - ACTIVATED com.sonatype.nexus.plugins.nexus-repository-rubygems [239]
2020-04-13 07:10:01,195+0000 INFO  [FelixStartLevel]  *SYSTEM org.sonatype.nexus.extender.NexusBundleTracker - ACTIVATING com.sonatype.nexus.plugins.nexus-migration-plugin [229]
2020-04-13 07:10:01,732+0000 INFO  [FelixStartLevel]  *SYSTEM org.sonatype.nexus.extender.NexusBundleTracker - ACTIVATED com.sonatype.nexus.plugins.nexus-migration-plugin [229]
2020-04-13 07:10:01,733+0000 INFO  [FelixStartLevel]  *SYSTEM org.sonatype.nexus.extender.NexusBundleTracker - ACTIVATING com.sonatype.nexus.plugins.nexus-outreach-plugin [230]
2020-04-13 07:10:01,827+0000 INFO  [FelixStartLevel]  *SYSTEM org.sonatype.nexus.extender.NexusBundleTracker - ACTIVATED com.sonatype.nexus.plugins.nexus-outreach-plugin [230]
2020-04-13 07:10:01,828+0000 INFO  [FelixStartLevel]  *SYSTEM org.sonatype.nexus.extender.NexusBundleTracker - ACTIVATING com.sonatype.nexus.plugins.nexus-proui-plugin [231]
2020-04-13 07:10:01,898+0000 INFO  [FelixStartLevel]  *SYSTEM org.sonatype.nexus.extender.NexusBundleTracker - ACTIVATED com.sonatype.nexus.plugins.nexus-proui-plugin [231]
2020-04-13 07:10:01,899+0000 INFO  [FelixStartLevel]  *SYSTEM org.sonatype.nexus.extender.NexusBundleTracker - ACTIVATING com.sonatype.nexus.plugins.nexus-proximanova-plugin [232]
2020-04-13 07:10:01,930+0000 INFO  [FelixStartLevel]  *SYSTEM org.sonatype.nexus.extender.NexusBundleTracker - ACTIVATED com.sonatype.nexus.plugins.nexus-proximanova-plugin [232]
2020-04-13 07:10:01,930+0000 INFO  [FelixStartLevel]  *SYSTEM org.sonatype.nexus.extender.NexusBundleTracker - ACTIVATING com.sonatype.nexus.plugins.nexus-repository-bower [233]
2020-04-13 07:10:02,093+0000 INFO  [FelixStartLevel]  *SYSTEM org.sonatype.nexus.extender.NexusBundleTracker - ACTIVATED com.sonatype.nexus.plugins.nexus-repository-bower [233]
2020-04-13 07:10:02,093+0000 INFO  [FelixStartLevel]  *SYSTEM org.sonatype.nexus.extender.NexusBundleTracker - ACTIVATING com.sonatype.nexus.plugins.nexus-repository-docker [234]
2020-04-13 07:10:03,022+0000 INFO  [FelixStartLevel]  *SYSTEM org.sonatype.nexus.extender.NexusBundleTracker - ACTIVATED com.sonatype.nexus.plugins.nexus-repository-docker [234]
2020-04-13 07:10:03,023+0000 INFO  [FelixStartLevel]  *SYSTEM org.sonatype.nexus.extender.NexusBundleTracker - ACTIVATING com.sonatype.nexus.plugins.nexus-repository-gitlfs [235]
2020-04-13 07:10:03,113+0000 INFO  [FelixStartLevel]  *SYSTEM org.sonatype.nexus.extender.NexusBundleTracker - ACTIVATED com.sonatype.nexus.plugins.nexus-repository-gitlfs [235]
2020-04-13 07:10:03,113+0000 INFO  [FelixStartLevel]  *SYSTEM org.sonatype.nexus.extender.NexusBundleTracker - ACTIVATING com.sonatype.nexus.plugins.nexus-repository-pypi [238]
2020-04-13 07:10:03,366+0000 INFO  [FelixStartLevel]  *SYSTEM org.sonatype.nexus.extender.NexusBundleTracker - ACTIVATED com.sonatype.nexus.plugins.nexus-repository-pypi [238]
2020-04-13 07:10:03,368+0000 INFO  [FelixStartLevel]  *SYSTEM org.sonatype.nexus.extender.NexusBundleTracker - ACTIVATING com.sonatype.nexus.plugins.nexus-repository-yum [240]
2020-04-13 07:10:03,616+0000 INFO  [FelixStartLevel]  *SYSTEM org.sonatype.nexus.extender.NexusBundleTracker - ACTIVATED com.sonatype.nexus.plugins.nexus-repository-yum [240]
2020-04-13 07:10:03,618+0000 INFO  [FelixStartLevel]  *SYSTEM org.sonatype.nexus.extender.NexusBundleTracker - ACTIVATING com.sonatype.nexus.plugins.nexus-restore-npm [241]
2020-04-13 07:10:03,720+0000 INFO  [FelixStartLevel]  *SYSTEM org.sonatype.nexus.extender.NexusBundleTracker - ACTIVATED com.sonatype.nexus.plugins.nexus-restore-npm [241]
2020-04-13 07:10:03,720+0000 INFO  [FelixStartLevel]  *SYSTEM org.sonatype.nexus.extender.NexusBundleTracker - ACTIVATING com.sonatype.nexus.plugins.nexus-restore-nuget [242]
2020-04-13 07:10:03,825+0000 INFO  [FelixStartLevel]  *SYSTEM org.sonatype.nexus.extender.NexusBundleTracker - ACTIVATED com.sonatype.nexus.plugins.nexus-restore-nuget [242]
2020-04-13 07:10:03,834+0000 INFO  [FelixStartLevel]  *SYSTEM org.sonatype.nexus.extender.NexusBundleTracker - ACTIVATING com.sonatype.nexus.plugins.nexus-rutauth-plugin [243]
2020-04-13 07:10:03,898+0000 INFO  [FelixStartLevel]  *SYSTEM org.sonatype.nexus.extender.NexusBundleTracker - ACTIVATED com.sonatype.nexus.plugins.nexus-rutauth-plugin [243]
2020-04-13 07:10:03,907+0000 INFO  [FelixStartLevel]  *SYSTEM org.sonatype.nexus.extender.NexusLifecycleManager - Start STORAGE
2020-04-13 07:10:04,009+0000 INFO  [FelixStartLevel]  *SYSTEM org.sonatype.nexus.internal.node.LocalNodeAccess - ID: 1964E4D3-27F0BF68-999E8798-EA07490C-9B3F1BA6
2020-04-13 07:10:04,031+0000 INFO  [FelixStartLevel]  *SYSTEM org.sonatype.nexus.internal.orient.DatabaseServerImpl - OrientDB version: 2.2.30 (build 43d850df23c0fd1edca7279761c2238fdc6cc576, branch 2.2.x)
2020-04-13 07:10:04,093+0000 INFO  [FelixStartLevel]  *SYSTEM com.orientechnologies.orient.server.OServer - OrientDB Server v2.2.30 (build 43d850df23c0fd1edca7279761c2238fdc6cc576, branch 2.2.x) is starting up...
2020-04-13 07:10:04,098+0000 INFO  [FelixStartLevel]  *SYSTEM com.orientechnologies.orient.server.OServer - Databases directory: /nexus-data/db
2020-04-13 07:10:04,873+0000 INFO  [FelixStartLevel]  *SYSTEM com.orientechnologies.orient.core.engine.OMemoryAndLocalPaginatedEnginesInitializer - Auto configuration of disk cache size.
2020-04-13 07:10:05,072+0000 INFO  [FelixStartLevel]  *SYSTEM com.orientechnologies.common.jna.ONative - 16825638912 B/16046 MB/15 GB of physical memory were detected on machine
2020-04-13 07:10:05,096+0000 INFO  [FelixStartLevel]  *SYSTEM com.orientechnologies.common.jna.ONative - Soft memory limit for this process is set to -1 B/-1 MB/-1 GB
2020-04-13 07:10:05,097+0000 INFO  [FelixStartLevel]  *SYSTEM com.orientechnologies.common.jna.ONative - Hard memory limit for this process is set to -1 B/-1 MB/-1 GB
2020-04-13 07:10:05,097+0000 INFO  [FelixStartLevel]  *SYSTEM com.orientechnologies.common.jna.ONative - Path to 'memory' cgroup is '/docker/eca4940ed4a4a4651e6a1010a4f0dd7e73e1421443886ed6ab79b89329db3a64'
2020-04-13 07:10:05,098+0000 INFO  [FelixStartLevel]  *SYSTEM com.orientechnologies.common.jna.ONative - Mounting path for memory cgroup controller is '/sys/fs/cgroup/memory'
2020-04-13 07:10:05,103+0000 INFO  [FelixStartLevel]  *SYSTEM com.orientechnologies.common.jna.ONative - Can not find '/sys/fs/cgroup/memory/docker/eca4940ed4a4a4651e6a1010a4f0dd7e73e1421443886ed6ab79b89329db3a64' path for memory cgroup, it is supposed that process is running in container, will try to read root '/sys/fs/cgroup/memory' memory cgroup data
2020-04-13 07:10:05,104+0000 INFO  [FelixStartLevel]  *SYSTEM com.orientechnologies.common.jna.ONative - cgroup soft memory limit is 9223372036854771712 B/8796093022207 MB/8589934591 GB
2020-04-13 07:10:05,104+0000 INFO  [FelixStartLevel]  *SYSTEM com.orientechnologies.common.jna.ONative - cgroup hard memory limit is 9223372036854771712 B/8796093022207 MB/8589934591 GB
2020-04-13 07:10:05,104+0000 INFO  [FelixStartLevel]  *SYSTEM com.orientechnologies.common.jna.ONative - Detected memory limit for current process is 16825638912 B/16046 MB/15 GB
2020-04-13 07:10:05,106+0000 INFO  [FelixStartLevel]  *SYSTEM com.orientechnologies.orient.core.engine.OMemoryAndLocalPaginatedEnginesInitializer - OrientDB auto-config DISKCACHE=2,048MB (heap=1,168MB direct=2,048MB os=16,046MB)
2020-04-13 07:10:05,113+0000 INFO  [FelixStartLevel]  *SYSTEM com.orientechnologies.orient.core.config.OGlobalConfiguration - Lowering disk cache size from 2,048MB to 2,046MB.
2020-04-13 07:10:05,366+0000 INFO  [FelixStartLevel]  *SYSTEM com.orientechnologies.orient.server.OServer - Found ORIENTDB_ROOT_PASSWORD variable, using this value as root's password
2020-04-13 07:10:05,970+0000 INFO  [FelixStartLevel]  *SYSTEM com.orientechnologies.orient.server.handler.OJMXPlugin - JMX plugin installed and active: profilerManaged=true
2020-04-13 07:10:05,972+0000 INFO  [FelixStartLevel]  *SYSTEM com.orientechnologies.orient.server.OServer - OrientDB Studio available at $ANSI{blue http://localhost:2480/studio/index.html}
2020-04-13 07:10:05,983+0000 INFO  [FelixStartLevel]  *SYSTEM com.orientechnologies.orient.server.OServer - $ANSI{green:italic OrientDB Server is active} v2.2.30 (build 43d850df23c0fd1edca7279761c2238fdc6cc576, branch 2.2.x).
2020-04-13 07:10:05,983+0000 INFO  [FelixStartLevel]  *SYSTEM org.sonatype.nexus.internal.orient.DatabaseServerImpl - Activated
2020-04-13 07:10:06,573+0000 INFO  [FelixStartLevel]  *SYSTEM org.sonatype.nexus.extender.NexusLifecycleManager - Start RESTORE
2020-04-13 07:10:07,003+0000 WARN  [FelixStartLevel]  *SYSTEM com.orientechnologies.orient.core.storage.impl.local.paginated.OLocalPaginatedStorage - $ANSI{green {db=accesslog}} Storage 'accesslog' was not closed properly. Will try to recover from write ahead log...
2020-04-13 07:10:07,004+0000 INFO  [FelixStartLevel]  *SYSTEM com.orientechnologies.orient.core.storage.impl.local.paginated.OLocalPaginatedStorage - $ANSI{green {db=accesslog}} Looking for last checkpoint...
2020-04-13 07:10:07,019+0000 INFO  [FelixStartLevel]  *SYSTEM com.orientechnologies.orient.core.storage.impl.local.paginated.OLocalPaginatedStorage - $ANSI{green {db=accesslog}} Found FUZZY checkpoint.
2020-04-13 07:10:07,020+0000 INFO  [FelixStartLevel]  *SYSTEM com.orientechnologies.orient.core.storage.impl.local.paginated.OLocalPaginatedStorage - $ANSI{green {db=accesslog}} Data restore procedure from FUZZY checkpoint is started.
2020-04-13 07:10:07,027+0000 INFO  [FelixStartLevel]  *SYSTEM com.orientechnologies.orient.core.storage.impl.local.paginated.OLocalPaginatedStorage - $ANSI{green {db=accesslog}} 1 operations were processed, current LSN is LSN{segment=0, position=4509096} last LSN is LSN{segment=0, position=4509161}
2020-04-13 07:10:07,030+0000 WARN  [FelixStartLevel]  *SYSTEM com.orientechnologies.orient.core.storage.impl.local.paginated.OLocalPaginatedStorage - $ANSI{green {db=accesslog}} Record OFuzzyCheckpointStartRecord{lsn=LSN{segment=0, position=4509121}} com.orientechnologies.orient.core.storage.impl.local.paginated.wal.OFuzzyCheckpointStartRecord{lsn=null, previousCheckpoint=LSN{segment=0, position=4493108}} will be skipped during data restore
2020-04-13 07:10:07,030+0000 WARN  [FelixStartLevel]  *SYSTEM com.orientechnologies.orient.core.storage.impl.local.paginated.OLocalPaginatedStorage - $ANSI{green {db=accesslog}} Record com.orientechnologies.orient.core.storage.impl.local.paginated.wal.OFuzzyCheckpointEndRecord{lsn=LSN{segment=0, position=4509161}} will be skipped during data restore
2020-04-13 07:10:07,059+0000 INFO  [FelixStartLevel]  *SYSTEM com.orientechnologies.orient.core.storage.impl.local.paginated.OLocalPaginatedStorage - $ANSI{green {db=accesslog}} Storage data recover was completed
2020-04-13 07:10:07,407+0000 INFO  [FelixStartLevel]  *SYSTEM com.orientechnologies.orient.core.storage.impl.local.paginated.OLocalPaginatedStorage - $ANSI{green {db=accesslog}} Storage 'plocal:/nexus-data/db/accesslog' is opened under OrientDB distribution : 2.2.30 (build 43d850df23c0fd1edca7279761c2238fdc6cc576, branch 2.2.x)
2020-04-13 07:10:08,673+0000 WARN  [FelixStartLevel]  *SYSTEM com.orientechnologies.orient.core.storage.impl.local.paginated.OLocalPaginatedStorage - $ANSI{green {db=analytics}} Storage 'analytics' was not closed properly. Will try to recover from write ahead log...
2020-04-13 07:10:08,674+0000 INFO  [FelixStartLevel]  *SYSTEM com.orientechnologies.orient.core.storage.impl.local.paginated.OLocalPaginatedStorage - $ANSI{green {db=analytics}} Looking for last checkpoint...
2020-04-13 07:10:08,677+0000 INFO  [FelixStartLevel]  *SYSTEM com.orientechnologies.orient.core.storage.impl.local.paginated.OLocalPaginatedStorage - $ANSI{green {db=analytics}} Found FUZZY checkpoint.
2020-04-13 07:10:08,679+0000 INFO  [FelixStartLevel]  *SYSTEM com.orientechnologies.orient.core.storage.impl.local.paginated.OLocalPaginatedStorage - $ANSI{green {db=analytics}} Data restore procedure from FUZZY checkpoint is started.
2020-04-13 07:10:08,680+0000 WARN  [FelixStartLevel]  *SYSTEM com.orientechnologies.orient.core.storage.impl.local.paginated.OLocalPaginatedStorage - $ANSI{green {db=analytics}} Record com.orientechnologies.orient.core.storage.impl.local.paginated.wal.OCheckpointEndRecord{lsn=LSN{segment=0, position=529846}} will be skipped during data restore
2020-04-13 07:10:08,684+0000 INFO  [FelixStartLevel]  *SYSTEM com.orientechnologies.orient.core.storage.impl.local.paginated.OLocalPaginatedStorage - $ANSI{green {db=analytics}} 1 operations were processed, current LSN is LSN{segment=0, position=529846} last LSN is LSN{segment=0, position=529893}
2020-04-13 07:10:08,685+0000 WARN  [FelixStartLevel]  *SYSTEM com.orientechnologies.orient.core.storage.impl.local.paginated.OLocalPaginatedStorage - $ANSI{green {db=analytics}} Record OFuzzyCheckpointStartRecord{lsn=LSN{segment=0, position=529853}} com.orientechnologies.orient.core.storage.impl.local.paginated.wal.OFuzzyCheckpointStartRecord{lsn=null, previousCheckpoint=LSN{segment=0, position=529822}} will be skipped during data restore
2020-04-13 07:10:08,686+0000 WARN  [FelixStartLevel]  *SYSTEM com.orientechnologies.orient.core.storage.impl.local.paginated.OLocalPaginatedStorage - $ANSI{green {db=analytics}} Record com.orientechnologies.orient.core.storage.impl.local.paginated.wal.OFuzzyCheckpointEndRecord{lsn=LSN{segment=0, position=529893}} will be skipped during data restore
2020-04-13 07:10:08,729+0000 INFO  [FelixStartLevel]  *SYSTEM com.orientechnologies.orient.core.storage.impl.local.paginated.OLocalPaginatedStorage - $ANSI{green {db=analytics}} Storage data recover was completed
2020-04-13 07:10:08,773+0000 INFO  [FelixStartLevel]  *SYSTEM com.orientechnologies.orient.core.storage.impl.local.paginated.OLocalPaginatedStorage - $ANSI{green {db=analytics}} Storage 'plocal:/nexus-data/db/analytics' is opened under OrientDB distribution : 2.2.30 (build 43d850df23c0fd1edca7279761c2238fdc6cc576, branch 2.2.x)
2020-04-13 07:10:09,273+0000 WARN  [FelixStartLevel]  *SYSTEM com.orientechnologies.orient.core.storage.impl.local.paginated.OLocalPaginatedStorage - $ANSI{green {db=audit}} Storage 'audit' was not closed properly. Will try to recover from write ahead log...
2020-04-13 07:10:09,273+0000 INFO  [FelixStartLevel]  *SYSTEM com.orientechnologies.orient.core.storage.impl.local.paginated.OLocalPaginatedStorage - $ANSI{green {db=audit}} Looking for last checkpoint...
2020-04-13 07:10:09,273+0000 INFO  [FelixStartLevel]  *SYSTEM com.orientechnologies.orient.core.storage.impl.local.paginated.OLocalPaginatedStorage - $ANSI{green {db=audit}} Found FUZZY checkpoint.
2020-04-13 07:10:09,273+0000 INFO  [FelixStartLevel]  *SYSTEM com.orientechnologies.orient.core.storage.impl.local.paginated.OLocalPaginatedStorage - $ANSI{green {db=audit}} Data restore procedure from FUZZY checkpoint is started.
2020-04-13 07:10:09,274+0000 WARN  [FelixStartLevel]  *SYSTEM com.orientechnologies.orient.core.storage.impl.local.paginated.OLocalPaginatedStorage - $ANSI{green {db=audit}} Record com.orientechnologies.orient.core.storage.impl.local.paginated.wal.OCheckpointEndRecord{lsn=LSN{segment=0, position=552894}} will be skipped during data restore
2020-04-13 07:10:09,274+0000 INFO  [FelixStartLevel]  *SYSTEM com.orientechnologies.orient.core.storage.impl.local.paginated.OLocalPaginatedStorage - $ANSI{green {db=audit}} 1 operations were processed, current LSN is LSN{segment=0, position=552894} last LSN is LSN{segment=0, position=552941}
2020-04-13 07:10:09,274+0000 WARN  [FelixStartLevel]  *SYSTEM com.orientechnologies.orient.core.storage.impl.local.paginated.OLocalPaginatedStorage - $ANSI{green {db=audit}} Record OFuzzyCheckpointStartRecord{lsn=LSN{segment=0, position=552901}} com.orientechnologies.orient.core.storage.impl.local.paginated.wal.OFuzzyCheckpointStartRecord{lsn=null, previousCheckpoint=LSN{segment=0, position=552870}} will be skipped during data restore
2020-04-13 07:10:09,274+0000 WARN  [FelixStartLevel]  *SYSTEM com.orientechnologies.orient.core.storage.impl.local.paginated.OLocalPaginatedStorage - $ANSI{green {db=audit}} Record com.orientechnologies.orient.core.storage.impl.local.paginated.wal.OFuzzyCheckpointEndRecord{lsn=LSN{segment=0, position=552941}} will be skipped during data restore
2020-04-13 07:10:09,300+0000 INFO  [FelixStartLevel]  *SYSTEM com.orientechnologies.orient.core.storage.impl.local.paginated.OLocalPaginatedStorage - $ANSI{green {db=audit}} Storage data recover was completed
2020-04-13 07:10:09,327+0000 INFO  [FelixStartLevel]  *SYSTEM com.orientechnologies.orient.core.storage.impl.local.paginated.OLocalPaginatedStorage - $ANSI{green {db=audit}} Storage 'plocal:/nexus-data/db/audit' is opened under OrientDB distribution : 2.2.30 (build 43d850df23c0fd1edca7279761c2238fdc6cc576, branch 2.2.x)
2020-04-13 07:10:09,938+0000 WARN  [FelixStartLevel]  *SYSTEM com.orientechnologies.orient.core.storage.impl.local.paginated.OLocalPaginatedStorage - $ANSI{green {db=config}} Storage 'config' was not closed properly. Will try to recover from write ahead log...
2020-04-13 07:10:09,938+0000 INFO  [FelixStartLevel]  *SYSTEM com.orientechnologies.orient.core.storage.impl.local.paginated.OLocalPaginatedStorage - $ANSI{green {db=config}} Looking for last checkpoint...
2020-04-13 07:10:09,938+0000 INFO  [FelixStartLevel]  *SYSTEM com.orientechnologies.orient.core.storage.impl.local.paginated.OLocalPaginatedStorage - $ANSI{green {db=config}} Found FUZZY checkpoint.
2020-04-13 07:10:09,939+0000 INFO  [FelixStartLevel]  *SYSTEM com.orientechnologies.orient.core.storage.impl.local.paginated.OLocalPaginatedStorage - $ANSI{green {db=config}} Data restore procedure from FUZZY checkpoint is started.
2020-04-13 07:10:09,939+0000 INFO  [FelixStartLevel]  *SYSTEM com.orientechnologies.orient.core.storage.impl.local.paginated.OLocalPaginatedStorage - $ANSI{green {db=config}} 1 operations were processed, current LSN is LSN{segment=0, position=5909920} last LSN is LSN{segment=0, position=5909985}
2020-04-13 07:10:09,940+0000 WARN  [FelixStartLevel]  *SYSTEM com.orientechnologies.orient.core.storage.impl.local.paginated.OLocalPaginatedStorage - $ANSI{green {db=config}} Record OFuzzyCheckpointStartRecord{lsn=LSN{segment=0, position=5909945}} com.orientechnologies.orient.core.storage.impl.local.paginated.wal.OFuzzyCheckpointStartRecord{lsn=null, previousCheckpoint=LSN{segment=0, position=5890498}} will be skipped during data restore
2020-04-13 07:10:09,940+0000 WARN  [FelixStartLevel]  *SYSTEM com.orientechnologies.orient.core.storage.impl.local.paginated.OLocalPaginatedStorage - $ANSI{green {db=config}} Record com.orientechnologies.orient.core.storage.impl.local.paginated.wal.OFuzzyCheckpointEndRecord{lsn=LSN{segment=0, position=5909985}} will be skipped during data restore
2020-04-13 07:10:09,984+0000 INFO  [FelixStartLevel]  *SYSTEM com.orientechnologies.orient.core.storage.impl.local.paginated.OLocalPaginatedStorage - $ANSI{green {db=config}} Storage data recover was completed
2020-04-13 07:10:10,083+0000 INFO  [FelixStartLevel]  *SYSTEM com.orientechnologies.orient.core.storage.impl.local.paginated.OLocalPaginatedStorage - $ANSI{green {db=config}} Storage 'plocal:/nexus-data/db/config' is opened under OrientDB distribution : 2.2.30 (build 43d850df23c0fd1edca7279761c2238fdc6cc576, branch 2.2.x)
2020-04-13 07:10:10,630+0000 WARN  [FelixStartLevel]  *SYSTEM com.orientechnologies.orient.core.storage.impl.local.paginated.OLocalPaginatedStorage - $ANSI{green {db=component}} Storage 'component' was not closed properly. Will try to recover from write ahead log...
2020-04-13 07:10:10,630+0000 INFO  [FelixStartLevel]  *SYSTEM com.orientechnologies.orient.core.storage.impl.local.paginated.OLocalPaginatedStorage - $ANSI{green {db=component}} Looking for last checkpoint...
2020-04-13 07:10:10,631+0000 INFO  [FelixStartLevel]  *SYSTEM com.orientechnologies.orient.core.storage.impl.local.paginated.OLocalPaginatedStorage - $ANSI{green {db=component}} Found FUZZY checkpoint.
2020-04-13 07:10:10,631+0000 INFO  [FelixStartLevel]  *SYSTEM com.orientechnologies.orient.core.storage.impl.local.paginated.OLocalPaginatedStorage - $ANSI{green {db=component}} Data restore procedure from FUZZY checkpoint is started.
2020-04-13 07:10:10,632+0000 WARN  [FelixStartLevel]  *SYSTEM com.orientechnologies.orient.core.storage.impl.local.paginated.OLocalPaginatedStorage - $ANSI{green {db=component}} Record com.orientechnologies.orient.core.storage.impl.local.paginated.wal.OCheckpointEndRecord{lsn=LSN{segment=0, position=1862029}} will be skipped during data restore
2020-04-13 07:10:10,632+0000 INFO  [FelixStartLevel]  *SYSTEM com.orientechnologies.orient.core.storage.impl.local.paginated.OLocalPaginatedStorage - $ANSI{green {db=component}} 1 operations were processed, current LSN is LSN{segment=0, position=1862029} last LSN is LSN{segment=0, position=1862076}
2020-04-13 07:10:10,632+0000 WARN  [FelixStartLevel]  *SYSTEM com.orientechnologies.orient.core.storage.impl.local.paginated.OLocalPaginatedStorage - $ANSI{green {db=component}} Record OFuzzyCheckpointStartRecord{lsn=LSN{segment=0, position=1862036}} com.orientechnologies.orient.core.storage.impl.local.paginated.wal.OFuzzyCheckpointStartRecord{lsn=null, previousCheckpoint=LSN{segment=0, position=1862005}} will be skipped during data restore
2020-04-13 07:10:10,632+0000 WARN  [FelixStartLevel]  *SYSTEM com.orientechnologies.orient.core.storage.impl.local.paginated.OLocalPaginatedStorage - $ANSI{green {db=component}} Record com.orientechnologies.orient.core.storage.impl.local.paginated.wal.OFuzzyCheckpointEndRecord{lsn=LSN{segment=0, position=1862076}} will be skipped during data restore
2020-04-13 07:10:10,667+0000 INFO  [FelixStartLevel]  *SYSTEM com.orientechnologies.orient.core.storage.impl.local.paginated.OLocalPaginatedStorage - $ANSI{green {db=component}} Storage data recover was completed
2020-04-13 07:10:10,708+0000 INFO  [FelixStartLevel]  *SYSTEM com.orientechnologies.orient.core.storage.impl.local.paginated.OLocalPaginatedStorage - $ANSI{green {db=component}} Storage 'plocal:/nexus-data/db/component' is opened under OrientDB distribution : 2.2.30 (build 43d850df23c0fd1edca7279761c2238fdc6cc576, branch 2.2.x)
2020-04-13 07:10:11,423+0000 WARN  [FelixStartLevel]  *SYSTEM com.orientechnologies.orient.core.storage.impl.local.paginated.OLocalPaginatedStorage - $ANSI{green {db=security}} Storage 'security' was not closed properly. Will try to recover from write ahead log...
2020-04-13 07:10:11,424+0000 INFO  [FelixStartLevel]  *SYSTEM com.orientechnologies.orient.core.storage.impl.local.paginated.OLocalPaginatedStorage - $ANSI{green {db=security}} Looking for last checkpoint...
2020-04-13 07:10:11,424+0000 INFO  [FelixStartLevel]  *SYSTEM com.orientechnologies.orient.core.storage.impl.local.paginated.OLocalPaginatedStorage - $ANSI{green {db=security}} Found FUZZY checkpoint.
2020-04-13 07:10:11,424+0000 INFO  [FelixStartLevel]  *SYSTEM com.orientechnologies.orient.core.storage.impl.local.paginated.OLocalPaginatedStorage - $ANSI{green {db=security}} Data restore procedure from FUZZY checkpoint is started.
2020-04-13 07:10:11,425+0000 INFO  [FelixStartLevel]  *SYSTEM com.orientechnologies.orient.core.storage.impl.local.paginated.OLocalPaginatedStorage - $ANSI{green {db=security}} 1 operations were processed, current LSN is LSN{segment=0, position=1335590} last LSN is LSN{segment=0, position=1335655}
2020-04-13 07:10:11,425+0000 WARN  [FelixStartLevel]  *SYSTEM com.orientechnologies.orient.core.storage.impl.local.paginated.OLocalPaginatedStorage - $ANSI{green {db=security}} Record OFuzzyCheckpointStartRecord{lsn=LSN{segment=0, position=1335615}} com.orientechnologies.orient.core.storage.impl.local.paginated.wal.OFuzzyCheckpointStartRecord{lsn=null, previousCheckpoint=LSN{segment=0, position=1334725}} will be skipped during data restore
2020-04-13 07:10:11,425+0000 WARN  [FelixStartLevel]  *SYSTEM com.orientechnologies.orient.core.storage.impl.local.paginated.OLocalPaginatedStorage - $ANSI{green {db=security}} Record com.orientechnologies.orient.core.storage.impl.local.paginated.wal.OFuzzyCheckpointEndRecord{lsn=LSN{segment=0, position=1335655}} will be skipped during data restore
2020-04-13 07:10:11,470+0000 INFO  [FelixStartLevel]  *SYSTEM com.orientechnologies.orient.core.storage.impl.local.paginated.OLocalPaginatedStorage - $ANSI{green {db=security}} Storage data recover was completed
2020-04-13 07:10:11,520+0000 INFO  [FelixStartLevel]  *SYSTEM com.orientechnologies.orient.core.storage.impl.local.paginated.OLocalPaginatedStorage - $ANSI{green {db=security}} Storage 'plocal:/nexus-data/db/security' is opened under OrientDB distribution : 2.2.30 (build 43d850df23c0fd1edca7279761c2238fdc6cc576, branch 2.2.x)
2020-04-13 07:10:12,283+0000 INFO  [FelixStartLevel]  *SYSTEM org.sonatype.nexus.extender.NexusLifecycleManager - Start UPGRADE
2020-04-13 07:10:12,845+0000 INFO  [FelixStartLevel]  *SYSTEM org.sonatype.nexus.extender.NexusLifecycleManager - Start SCHEMAS
2020-04-13 07:10:13,326+0000 INFO  [FelixStartLevel]  *SYSTEM org.sonatype.nexus.extender.NexusLifecycleManager - Start EVENTS
2020-04-13 07:10:13,765+0000 INFO  [FelixStartLevel]  *SYSTEM org.sonatype.nexus.quartz.internal.QuartzSchedulerSPI - Thread-pool size: 20
2020-04-13 07:10:13,853+0000 WARN  [FelixStartLevel]  *SYSTEM com.google.inject.servlet.GuiceFilter - Multiple Servlet injectors detected. This is a warning indicating that you have more than one GuiceFilter running in your web application. If this is deliberate, you may safely ignore this message. If this is NOT deliberate however, your application may not work as expected.
2020-04-13 07:10:14,280+0000 INFO  [FelixStartLevel]  *SYSTEM org.sonatype.nexus.extender.NexusLifecycleManager - Start SECURITY
2020-04-13 07:10:14,333+0000 INFO  [FelixStartLevel]  *SYSTEM org.sonatype.nexus.security.internal.RealmManagerImpl - Loaded configuration: RealmConfiguration{realmNames=[NexusAuthenticatingRealm, NexusAuthorizingRealm, LdapRealm]}
2020-04-13 07:10:14,390+0000 INFO  [FelixStartLevel]  *SYSTEM org.sonatype.nexus.cache.internal.RuntimeCacheManagerProvider - Cache-provider: ehcache
2020-04-13 07:10:14,402+0000 INFO  [FelixStartLevel]  *SYSTEM org.sonatype.nexus.cache.internal.ehcache.EhCacheManagerProvider - Creating cache-manager with configuration: file:/opt/sonatype/nexus/etc/fabric/ehcache.xml
2020-04-13 07:10:14,412+0000 INFO  [FelixStartLevel]  *SYSTEM org.ehcache.xml.XmlConfiguration - Loading Ehcache XML configuration from /opt/sonatype/nexus/etc/fabric/ehcache.xml.
2020-04-13 07:10:16,316+0000 INFO  [FelixStartLevel]  *SYSTEM org.ehcache.jsr107.ConfigurationMerger - Configuration of cache NexusAuthenticatingRealm.authenticationCache will be supplemented by template nexus-default
2020-04-13 07:10:16,508+0000 INFO  [FelixStartLevel]  *SYSTEM org.ehcache.core.EhcacheManager - Cache 'NexusAuthenticatingRealm.authenticationCache' created in EhcacheManager.
2020-04-13 07:10:16,527+0000 INFO  [FelixStartLevel]  *SYSTEM org.ehcache.jsr107.Eh107CacheManager - Registering Ehcache MBean javax.cache:type=CacheConfiguration,CacheManager=file./opt/sonatype/nexus/etc/fabric/ehcache.xml,Cache=NexusAuthenticatingRealm.authenticationCache
2020-04-13 07:10:16,531+0000 INFO  [FelixStartLevel]  *SYSTEM org.ehcache.jsr107.Eh107CacheManager - Registering Ehcache MBean javax.cache:type=CacheStatistics,CacheManager=file./opt/sonatype/nexus/etc/fabric/ehcache.xml,Cache=NexusAuthenticatingRealm.authenticationCache
2020-04-13 07:10:16,537+0000 INFO  [FelixStartLevel]  *SYSTEM org.ehcache.jsr107.ConfigurationMerger - Configuration of cache NexusAuthorizingRealm.authorizationCache will be supplemented by template nexus-default
2020-04-13 07:10:16,553+0000 INFO  [FelixStartLevel]  *SYSTEM org.ehcache.core.EhcacheManager - Cache 'NexusAuthorizingRealm.authorizationCache' created in EhcacheManager.
2020-04-13 07:10:16,563+0000 INFO  [FelixStartLevel]  *SYSTEM org.ehcache.jsr107.Eh107CacheManager - Registering Ehcache MBean javax.cache:type=CacheConfiguration,CacheManager=file./opt/sonatype/nexus/etc/fabric/ehcache.xml,Cache=NexusAuthorizingRealm.authorizationCache
2020-04-13 07:10:16,564+0000 INFO  [FelixStartLevel]  *SYSTEM org.ehcache.jsr107.Eh107CacheManager - Registering Ehcache MBean javax.cache:type=CacheStatistics,CacheManager=file./opt/sonatype/nexus/etc/fabric/ehcache.xml,Cache=NexusAuthorizingRealm.authorizationCache
2020-04-13 07:10:16,564+0000 INFO  [FelixStartLevel]  *SYSTEM org.ehcache.jsr107.ConfigurationMerger - Configuration of cache LdapRealm.authorizationCache will be supplemented by template nexus-default
2020-04-13 07:10:16,572+0000 INFO  [FelixStartLevel]  *SYSTEM org.ehcache.core.EhcacheManager - Cache 'LdapRealm.authorizationCache' created in EhcacheManager.
2020-04-13 07:10:16,573+0000 INFO  [FelixStartLevel]  *SYSTEM org.ehcache.jsr107.Eh107CacheManager - Registering Ehcache MBean javax.cache:type=CacheConfiguration,CacheManager=file./opt/sonatype/nexus/etc/fabric/ehcache.xml,Cache=LdapRealm.authorizationCache
2020-04-13 07:10:16,575+0000 INFO  [FelixStartLevel]  *SYSTEM org.ehcache.jsr107.Eh107CacheManager - Registering Ehcache MBean javax.cache:type=CacheStatistics,CacheManager=file./opt/sonatype/nexus/etc/fabric/ehcache.xml,Cache=LdapRealm.authorizationCache
2020-04-13 07:10:16,579+0000 INFO  [FelixStartLevel]  *SYSTEM org.sonatype.nexus.extender.NexusLifecycleManager - Start SERVICES
2020-04-13 07:10:16,726+0000 INFO  [FelixStartLevel]  *SYSTEM org.sonatype.nexus.quartz.internal.orient.JobStoreImpl - Instance name: nexus; ID: 1964E4D3-27F0BF68-999E8798-EA07490C-9B3F1BA6
2020-04-13 07:10:16,729+0000 INFO  [FelixStartLevel]  *SYSTEM org.sonatype.nexus.quartz.internal.orient.JobStoreImpl - Initialized
2020-04-13 07:10:16,757+0000 INFO  [FelixStartLevel]  *SYSTEM org.sonatype.nexus.quartz.internal.QuartzSchedulerSPI - Quartz Scheduler v2.2.2
2020-04-13 07:10:17,337+0000 INFO  [FelixStartLevel]  *SYSTEM org.sonatype.nexus.quartz.internal.task.QuartzTaskInfo - Task 'Task log cleanup' [tasklog.cleanup] : state=WAITING
2020-04-13 07:10:17,357+0000 INFO  [FelixStartLevel]  *SYSTEM org.sonatype.nexus.quartz.internal.task.QuartzTaskInfo - Task 'Storage facet cleanup' [repository.storage-facet-cleanup] : state=WAITING
2020-04-13 07:10:17,410+0000 INFO  [FelixStartLevel]  *SYSTEM org.sonatype.nexus.blobstore.file.internal.BlobStoreMetricsStoreImpl - Loading blob store metrics file /nexus-data/blobs/default/1964E4D3-27F0BF68-999E8798-EA07490C-9B3F1BA6-metrics.properties
2020-04-13 07:10:17,800+0000 INFO  [FelixStartLevel]  *SYSTEM org.sonatype.nexus.elasticsearch.internal.NodeProvider - Creating node with config: /opt/sonatype/nexus/etc/fabric/elasticsearch.yml
2020-04-13 07:10:18,183+0000 INFO  [FelixStartLevel]  *SYSTEM org.elasticsearch.node - [1964E4D3-27F0BF68-999E8798-EA07490C-9B3F1BA6] version[2.4.3], pid[22], build[d38a34e/2016-12-07T16:28:56Z]
2020-04-13 07:10:18,183+0000 INFO  [FelixStartLevel]  *SYSTEM org.elasticsearch.node - [1964E4D3-27F0BF68-999E8798-EA07490C-9B3F1BA6] initializing ...
2020-04-13 07:10:18,198+0000 INFO  [FelixStartLevel]  *SYSTEM org.elasticsearch.plugins - [1964E4D3-27F0BF68-999E8798-EA07490C-9B3F1BA6] modules [], plugins [content-auth-plugin], sites []
2020-04-13 07:10:18,222+0000 INFO  [FelixStartLevel]  *SYSTEM org.elasticsearch.env - [1964E4D3-27F0BF68-999E8798-EA07490C-9B3F1BA6] using [1] data paths, mounts [[/nexus-data (/dev/xvda1)]], net usable_space [14.1gb], net total_space [30.9gb], spins? [possibly], types [ext4]
2020-04-13 07:10:18,223+0000 INFO  [FelixStartLevel]  *SYSTEM org.elasticsearch.env - [1964E4D3-27F0BF68-999E8798-EA07490C-9B3F1BA6] heap size [1.1gb], compressed ordinary object pointers [true]
2020-04-13 07:10:21,963+0000 INFO  [FelixStartLevel]  *SYSTEM org.elasticsearch.node - [1964E4D3-27F0BF68-999E8798-EA07490C-9B3F1BA6] initialized
2020-04-13 07:10:21,963+0000 INFO  [FelixStartLevel]  *SYSTEM org.elasticsearch.node - [1964E4D3-27F0BF68-999E8798-EA07490C-9B3F1BA6] starting ...
2020-04-13 07:10:21,970+0000 INFO  [FelixStartLevel]  *SYSTEM org.elasticsearch.transport - [1964E4D3-27F0BF68-999E8798-EA07490C-9B3F1BA6] publish_address {local[1]}, bound_addresses {local[1]}
2020-04-13 07:10:21,987+0000 INFO  [FelixStartLevel]  *SYSTEM org.elasticsearch.discovery - [1964E4D3-27F0BF68-999E8798-EA07490C-9B3F1BA6] nexus/MUKu5T_PQtCMXrxGGqkuHw
2020-04-13 07:10:22,033+0000 INFO  [elasticsearch[1964E4D3-27F0BF68-999E8798-EA07490C-9B3F1BA6][clusterService#updateTask][T#1]]  *SYSTEM org.elasticsearch.cluster.service - [1964E4D3-27F0BF68-999E8798-EA07490C-9B3F1BA6] new_master {1964E4D3-27F0BF68-999E8798-EA07490C-9B3F1BA6}{MUKu5T_PQtCMXrxGGqkuHw}{local}{local[1]}{local=true, master=true}, reason: local-disco-initial_connect(master)
2020-04-13 07:10:22,059+0000 INFO  [FelixStartLevel]  *SYSTEM org.elasticsearch.node - [1964E4D3-27F0BF68-999E8798-EA07490C-9B3F1BA6] started
2020-04-13 07:10:22,412+0000 INFO  [elasticsearch[1964E4D3-27F0BF68-999E8798-EA07490C-9B3F1BA6][clusterService#updateTask][T#1]]  *SYSTEM org.elasticsearch.gateway - [1964E4D3-27F0BF68-999E8798-EA07490C-9B3F1BA6] recovered [5] indices into cluster_state
2020-04-13 07:10:23,994+0000 INFO  [elasticsearch[1964E4D3-27F0BF68-999E8798-EA07490C-9B3F1BA6][clusterService#updateTask][T#1]]  *SYSTEM org.elasticsearch.cluster.routing.allocation - [1964E4D3-27F0BF68-999E8798-EA07490C-9B3F1BA6] Cluster health status changed from [RED] to [GREEN] (reason: [shards started [[3d781e8165513bfe7db3d7eaab3991b9ebec763b][0]] ...]).
2020-04-13 07:10:24,985+0000 INFO  [FelixStartLevel]  *SYSTEM org.sonatype.nexus.internal.httpclient.HttpClientManagerImpl - Using default configuration: HttpClientConfiguration{connection=null, proxy=null, authentication=null}
2020-04-13 07:10:25,045+0000 INFO  [FelixStartLevel]  *SYSTEM org.sonatype.nexus.repository.httpclient.internal.HttpClientFacetImpl - Remote connection status of repository nuget.org-proxy set to Ready to Connect.
2020-04-13 07:10:25,048+0000 INFO  [FelixStartLevel]  *SYSTEM org.ehcache.jsr107.ConfigurationMerger - Configuration of cache nuget.org-proxy#negative-cache will be supplemented by template nexus-default
2020-04-13 07:10:25,066+0000 INFO  [FelixStartLevel]  *SYSTEM org.ehcache.core.EhcacheManager - Cache 'nuget.org-proxy#negative-cache' created in EhcacheManager.
2020-04-13 07:10:25,082+0000 INFO  [FelixStartLevel]  *SYSTEM org.ehcache.jsr107.Eh107CacheManager - Registering Ehcache MBean javax.cache:type=CacheConfiguration,CacheManager=file./opt/sonatype/nexus/etc/fabric/ehcache.xml,Cache=nuget.org-proxy#negative-cache
2020-04-13 07:10:25,082+0000 INFO  [FelixStartLevel]  *SYSTEM org.ehcache.jsr107.Eh107CacheManager - Registering Ehcache MBean javax.cache:type=CacheStatistics,CacheManager=file./opt/sonatype/nexus/etc/fabric/ehcache.xml,Cache=nuget.org-proxy#negative-cache
2020-04-13 07:10:25,084+0000 INFO  [FelixStartLevel]  *SYSTEM org.ehcache.jsr107.ConfigurationMerger - Configuration of cache nuget.org-proxy#odata-query-cache will be supplemented by template nexus-default
2020-04-13 07:10:25,088+0000 INFO  [FelixStartLevel]  *SYSTEM org.ehcache.core.EhcacheManager - Cache 'nuget.org-proxy#odata-query-cache' created in EhcacheManager.
2020-04-13 07:10:25,089+0000 INFO  [FelixStartLevel]  *SYSTEM org.ehcache.jsr107.Eh107CacheManager - Registering Ehcache MBean javax.cache:type=CacheConfiguration,CacheManager=file./opt/sonatype/nexus/etc/fabric/ehcache.xml,Cache=nuget.org-proxy#odata-query-cache
2020-04-13 07:10:25,089+0000 INFO  [FelixStartLevel]  *SYSTEM org.ehcache.jsr107.Eh107CacheManager - Registering Ehcache MBean javax.cache:type=CacheStatistics,CacheManager=file./opt/sonatype/nexus/etc/fabric/ehcache.xml,Cache=nuget.org-proxy#odata-query-cache
2020-04-13 07:10:25,215+0000 INFO  [FelixStartLevel]  *SYSTEM org.sonatype.nexus.repository.httpclient.internal.HttpClientFacetImpl - Remote connection status of repository maven-central set to Ready to Connect.
2020-04-13 07:10:25,216+0000 INFO  [FelixStartLevel]  *SYSTEM org.ehcache.jsr107.ConfigurationMerger - Configuration of cache maven-central#negative-cache will be supplemented by template nexus-default
2020-04-13 07:10:25,232+0000 INFO  [FelixStartLevel]  *SYSTEM org.ehcache.core.EhcacheManager - Cache 'maven-central#negative-cache' created in EhcacheManager.
2020-04-13 07:10:25,233+0000 INFO  [FelixStartLevel]  *SYSTEM org.ehcache.jsr107.Eh107CacheManager - Registering Ehcache MBean javax.cache:type=CacheConfiguration,CacheManager=file./opt/sonatype/nexus/etc/fabric/ehcache.xml,Cache=maven-central#negative-cache
2020-04-13 07:10:25,233+0000 INFO  [FelixStartLevel]  *SYSTEM org.ehcache.jsr107.Eh107CacheManager - Registering Ehcache MBean javax.cache:type=CacheStatistics,CacheManager=file./opt/sonatype/nexus/etc/fabric/ehcache.xml,Cache=maven-central#negative-cache
2020-04-13 07:10:25,390+0000 INFO  [FelixStartLevel]  *SYSTEM org.sonatype.nexus.repository.httpclient.internal.HttpClientFacetImpl - Remote connection status of repository nuget-group set to Ready to Connect.
2020-04-13 07:10:25,391+0000 INFO  [FelixStartLevel]  *SYSTEM org.ehcache.jsr107.ConfigurationMerger - Configuration of cache nuget-group#odata-query-cache will be supplemented by template nexus-default
2020-04-13 07:10:25,407+0000 INFO  [FelixStartLevel]  *SYSTEM org.ehcache.core.EhcacheManager - Cache 'nuget-group#odata-query-cache' created in EhcacheManager.
2020-04-13 07:10:25,408+0000 INFO  [FelixStartLevel]  *SYSTEM org.ehcache.jsr107.Eh107CacheManager - Registering Ehcache MBean javax.cache:type=CacheConfiguration,CacheManager=file./opt/sonatype/nexus/etc/fabric/ehcache.xml,Cache=nuget-group#odata-query-cache
2020-04-13 07:10:25,409+0000 INFO  [FelixStartLevel]  *SYSTEM org.ehcache.jsr107.Eh107CacheManager - Registering Ehcache MBean javax.cache:type=CacheStatistics,CacheManager=file./opt/sonatype/nexus/etc/fabric/ehcache.xml,Cache=nuget-group#odata-query-cache
2020-04-13 07:10:25,640+0000 INFO  [FelixStartLevel]  *SYSTEM org.sonatype.nexus.extender.NexusLifecycleManager - Start CAPABILITIES
2020-04-13 07:10:26,210+0000 INFO  [jetty-main-1]  *SYSTEM org.sonatype.nexus.bootstrap.osgi.BootstrapListener - Initialized
2020-04-13 07:10:26,250+0000 INFO  [jetty-main-1]  *SYSTEM org.sonatype.nexus.rapture.internal.RaptureWebResourceBundle - UI plugin descriptors:
2020-04-13 07:10:26,251+0000 INFO  [FelixStartLevel]  *SYSTEM org.sonatype.nexus.extender.NexusLifecycleManager - Start TASKS
2020-04-13 07:10:26,252+0000 INFO  [jetty-main-1]  *SYSTEM org.sonatype.nexus.rapture.internal.RaptureWebResourceBundle -   nexus-rapture
2020-04-13 07:10:26,256+0000 INFO  [jetty-main-1]  *SYSTEM org.sonatype.nexus.rapture.internal.RaptureWebResourceBundle -   nexus-proximanova-plugin
2020-04-13 07:10:26,259+0000 INFO  [jetty-main-1]  *SYSTEM org.sonatype.nexus.rapture.internal.RaptureWebResourceBundle -   nexus-coreui-plugin
2020-04-13 07:10:26,260+0000 INFO  [jetty-main-1]  *SYSTEM org.sonatype.nexus.rapture.internal.RaptureWebResourceBundle -   nexus-proui-plugin
2020-04-13 07:10:26,273+0000 INFO  [jetty-main-1]  *SYSTEM org.sonatype.nexus.internal.webresources.WebResourceServlet - Max-age: 30 days (2592000 seconds)
2020-04-13 07:10:26,434+0000 INFO  [jetty-main-1]  *SYSTEM com.softwarementors.extjs.djn.servlet.DirectJNgineServlet - Servlet GLOBAL configuration: debug=false, providersUrl=service/extdirect, minify=false, batchRequestsMultithreadingEnabled=true, batchRequestsMinThreadsPoolSize=16, batchRequestsMaxThreadsPoolSize=80, batchRequestsMaxThreadsPerRequest=8, batchRequestsMaxThreadKeepAliveSeconds=60, gsonBuilderConfiguratorClass=org.sonatype.nexus.extdirect.internal.ExtDirectGsonBuilderConfigurator, dispatcherClass=com.softwarementors.extjs.djn.servlet.ssm.SsmDispatcher, jsonRequestProcessorThreadClass=org.sonatype.nexus.extdirect.internal.ExtDirectJsonRequestProcessorThread, contextPath=--not specified: calculated via Javascript--, createSourceFiles=true
2020-04-13 07:10:26,438+0000 INFO  [jetty-main-1]  *SYSTEM com.softwarementors.extjs.djn.servlet.DirectJNgineServlet - Servlet GLOBAL configuration: registryConfiguratorClass=
2020-04-13 07:10:26,554+0000 INFO  [jetty-main-1]  *SYSTEM com.softwarementors.extjs.djn.jscodegen.CodeFileGenerator - Creating source files for APIs...
2020-04-13 07:10:26,952+0000 INFO  [FelixStartLevel]  *SYSTEM org.sonatype.nexus.quartz.internal.QuartzSchedulerSPI - Scheduler put into ready mode
2020-04-13 07:10:27,210+0000 INFO  [quartz-3-thread-1]  *SYSTEM org.sonatype.nexus.quartz.internal.task.QuartzTaskInfo - Task 'Task log cleanup' [tasklog.cleanup] state change WAITING -> RUNNING
2020-04-13 07:10:27,304+0000 INFO  [quartz-3-thread-2]  *SYSTEM org.sonatype.nexus.quartz.internal.task.QuartzTaskInfo - Task 'Storage facet cleanup' [repository.storage-facet-cleanup] state change WAITING -> RUNNING
2020-04-13 07:10:27,369+0000 INFO  [quartz-3-thread-1]  *SYSTEM org.sonatype.nexus.tasklog.TaskLogCleanup - Cleaning up log files in /nexus-data/log/tasks older than 30 days
2020-04-13 07:10:27,401+0000 INFO  [quartz-3-thread-2]  *SYSTEM org.sonatype.nexus.quartz.internal.task.QuartzTaskInfo - Task 'Storage facet cleanup' [repository.storage-facet-cleanup] state change RUNNING -> WAITING (OK)
2020-04-13 07:10:27,462+0000 INFO  [quartz-3-thread-1]  *SYSTEM org.sonatype.nexus.quartz.internal.task.QuartzTaskInfo - Task 'Task log cleanup' [tasklog.cleanup] state change RUNNING -> WAITING (OK)
2020-04-13 07:10:27,545+0000 INFO  [jetty-main-1]  *SYSTEM org.sonatype.nexus.siesta.SiestaServlet - JAX-RS RuntimeDelegate: org.sonatype.nexus.siesta.internal.resteasy.SisuResteasyProviderFactory@2f08e1e0
2020-04-13 07:10:27,646+0000 INFO  [jetty-main-1]  *SYSTEM org.jboss.resteasy.plugins.validation.i18n - RESTEASY008550: Unable to find CDI supporting ValidatorFactory. Using default ValidatorFactory
2020-04-13 07:10:28,906+0000 INFO  [jetty-main-1]  *SYSTEM org.sonatype.nexus.siesta.SiestaServlet - Initialized
2020-04-13 07:10:28,924+0000 INFO  [jetty-main-1]  *SYSTEM org.sonatype.nexus.repository.httpbridge.internal.ViewServlet - Initialized
2020-04-13 07:10:28,989+0000 INFO  [jetty-main-1]  *SYSTEM org.sonatype.nexus.repository.httpbridge.internal.ViewServlet - Initialized
2020-04-13 07:10:29,040+0000 INFO  [jetty-main-1]  *SYSTEM org.eclipse.jetty.server.handler.ContextHandler - Started o.e.j.w.WebAppContext@25b86228{/nexus,file:///opt/sonatype/nexus/public/,AVAILABLE}
2020-04-13 07:10:29,219+0000 INFO  [jetty-main-1]  *SYSTEM org.eclipse.jetty.server.AbstractConnector - Started ServerConnector@37815db7{HTTP/1.1,[http/1.1]}{0.0.0.0:8081}
2020-04-13 07:10:29,220+0000 INFO  [jetty-main-1]  *SYSTEM org.eclipse.jetty.server.Server - Started @108172ms
2020-04-13 07:10:29,220+0000 INFO  [jetty-main-1]  *SYSTEM org.sonatype.nexus.bootstrap.jetty.JettyServer - 
-------------------------------------------------

Started Sonatype Nexus OSS 3.7.1-02

-------------------------------------------------
2020-04-13 07:10:42,547+0000 INFO  [qtp1131550407-51]  *UNKNOWN org.apache.shiro.session.mgt.AbstractValidatingSessionManager - Enabling session validation scheduler...
2020-04-13 07:10:42,577+0000 INFO  [qtp1131550407-51]  *UNKNOWN org.sonatype.nexus.internal.security.anonymous.AnonymousManagerImpl - Using default configuration: AnonymousConfiguration{enabled=true, userId='anonymous', realmName='NexusAuthorizingRealm'}
2020-04-13 07:10:46,827+0000 INFO  [qtp1131550407-49]  admin org.sonatype.nexus.internal.script.ScriptEngineManagerProvider - Detected 2 engine-factories
2020-04-13 07:10:46,831+0000 INFO  [qtp1131550407-49]  admin org.sonatype.nexus.internal.script.ScriptEngineManagerProvider - Engine-factory: Oracle Nashorn v1.8.0_152; language=ECMAScript, version=ECMA - 262 Edition 5.1, names=[nashorn, Nashorn, js, JS, JavaScript, javascript, ECMAScript, ecmascript], mime-types=[application/javascript, application/ecmascript, text/javascript, text/ecmascript], extensions=[js]
2020-04-13 07:10:46,833+0000 INFO  [qtp1131550407-49]  admin org.sonatype.nexus.internal.script.ScriptEngineManagerProvider - Engine-factory: Groovy Scripting Engine v2.0; language=Groovy, version=2.4.11, names=[groovy, Groovy], mime-types=[application/x-groovy], extensions=[groovy]
2020-04-13 07:10:46,833+0000 INFO  [qtp1131550407-49]  admin org.sonatype.nexus.internal.script.ScriptEngineManagerProvider - Default language: groovy
2020-04-13 07:10:48,114+0000 INFO  [qtp1131550407-51]  admin org.sonatype.nexus.internal.script.groovy.GroovyScriptEngineFactory - Created engine: org.sonatype.nexus.internal.script.groovy.GroovyScriptEngine@1a3c4f48
2020-04-13 07:10:49,060+0000 INFO  [qtp1131550407-51]  admin org.sonatype.nexus.internal.provisioning.CoreApiImpl - BaseUrl capability updated to: capability BaseUrlCapability{id='a4757bcaa62b63060eb927f5e89cd501', config=BaseUrlCapabilityConfiguration{url='http://13.126.65.32/nexus'}} (enabled=true, active=true)
2020-04-13 07:10:54,155+0000 INFO  [qtp1131550407-52]  admin org.ehcache.jsr107.ConfigurationMerger - Configuration of cache enterprise-ldap will be supplemented by template nexus-default
2020-04-13 07:10:54,164+0000 INFO  [qtp1131550407-52]  admin org.ehcache.core.EhcacheManager - Cache 'enterprise-ldap' created in EhcacheManager.
2020-04-13 07:10:54,166+0000 INFO  [qtp1131550407-52]  admin org.ehcache.jsr107.Eh107CacheManager - Registering Ehcache MBean javax.cache:type=CacheConfiguration,CacheManager=file./opt/sonatype/nexus/etc/fabric/ehcache.xml,Cache=enterprise-ldap
2020-04-13 07:10:54,171+0000 INFO  [qtp1131550407-52]  admin org.ehcache.jsr107.Eh107CacheManager - Registering Ehcache MBean javax.cache:type=CacheStatistics,CacheManager=file./opt/sonatype/nexus/etc/fabric/ehcache.xml,Cache=enterprise-ldap
2020-04-13 07:20:00,011+0000 INFO  [quartz-3-thread-3]  *SYSTEM org.sonatype.nexus.quartz.internal.task.QuartzTaskInfo - Task 'Storage facet cleanup' [repository.storage-facet-cleanup] state change WAITING -> RUNNING
2020-04-13 07:20:00,017+0000 INFO  [quartz-3-thread-3]  *SYSTEM org.sonatype.nexus.quartz.internal.task.QuartzTaskInfo - Task 'Storage facet cleanup' [repository.storage-facet-cleanup] state change RUNNING -> WAITING (OK)
2020-04-13 07:30:00,010+0000 INFO  [quartz-3-thread-4]  *SYSTEM org.sonatype.nexus.quartz.internal.task.QuartzTaskInfo - Task 'Storage facet cleanup' [repository.storage-facet-cleanup] state change WAITING -> RUNNING
2020-04-13 07:30:00,015+0000 INFO  [quartz-3-thread-4]  *SYSTEM org.sonatype.nexus.quartz.internal.task.QuartzTaskInfo - Task 'Storage facet cleanup' [repository.storage-facet-cleanup] state change RUNNING -> WAITING (OK)
2020-04-13 07:40:00,011+0000 INFO  [quartz-3-thread-5]  *SYSTEM org.sonatype.nexus.quartz.internal.task.QuartzTaskInfo - Task 'Storage facet cleanup' [repository.storage-facet-cleanup] state change WAITING -> RUNNING
2020-04-13 07:40:00,016+0000 INFO  [quartz-3-thread-5]  *SYSTEM org.sonatype.nexus.quartz.internal.task.QuartzTaskInfo - Task 'Storage facet cleanup' [repository.storage-facet-cleanup] state change RUNNING -> WAITING (OK)
2020-04-13 07:50:00,009+0000 INFO  [quartz-3-thread-6]  *SYSTEM org.sonatype.nexus.quartz.internal.task.QuartzTaskInfo - Task 'Storage facet cleanup' [repository.storage-facet-cleanup] state change WAITING -> RUNNING
2020-04-13 07:50:00,014+0000 INFO  [quartz-3-thread-6]  *SYSTEM org.sonatype.nexus.quartz.internal.task.QuartzTaskInfo - Task 'Storage facet cleanup' [repository.storage-facet-cleanup] state change RUNNING -> WAITING (OK)
2020-04-13 08:00:00,009+0000 INFO  [quartz-3-thread-7]  *SYSTEM org.sonatype.nexus.quartz.internal.task.QuartzTaskInfo - Task 'Storage facet cleanup' [repository.storage-facet-cleanup] state change WAITING -> RUNNING
2020-04-13 08:00:00,013+0000 INFO  [quartz-3-thread-7]  *SYSTEM org.sonatype.nexus.quartz.internal.task.QuartzTaskInfo - Task 'Storage facet cleanup' [repository.storage-facet-cleanup] state change RUNNING -> WAITING (OK)
2020-04-13 08:10:00,025+0000 INFO  [quartz-3-thread-8]  *SYSTEM org.sonatype.nexus.quartz.internal.task.QuartzTaskInfo - Task 'Storage facet cleanup' [repository.storage-facet-cleanup] state change WAITING -> RUNNING
2020-04-13 08:10:00,034+0000 INFO  [quartz-3-thread-8]  *SYSTEM org.sonatype.nexus.quartz.internal.task.QuartzTaskInfo - Task 'Storage facet cleanup' [repository.storage-facet-cleanup] state change RUNNING -> WAITING (OK)
2020-04-13 08:10:42,556+0000 INFO  [SessionValidationThread-1]  *UNKNOWN org.apache.shiro.session.mgt.AbstractValidatingSessionManager - Validating all active sessions...
2020-04-13 08:10:42,557+0000 INFO  [SessionValidationThread-1]  *UNKNOWN org.ehcache.jsr107.ConfigurationMerger - Configuration of cache shiro-activeSessionCache will be supplemented by template nexus-default
2020-04-13 08:10:42,563+0000 INFO  [SessionValidationThread-1]  *UNKNOWN org.ehcache.core.EhcacheManager - Cache 'shiro-activeSessionCache' created in EhcacheManager.
2020-04-13 08:10:42,564+0000 INFO  [SessionValidationThread-1]  *UNKNOWN org.ehcache.jsr107.Eh107CacheManager - Registering Ehcache MBean javax.cache:type=CacheConfiguration,CacheManager=file./opt/sonatype/nexus/etc/fabric/ehcache.xml,Cache=shiro-activeSessionCache
2020-04-13 08:10:42,564+0000 INFO  [SessionValidationThread-1]  *UNKNOWN org.ehcache.jsr107.Eh107CacheManager - Registering Ehcache MBean javax.cache:type=CacheStatistics,CacheManager=file./opt/sonatype/nexus/etc/fabric/ehcache.xml,Cache=shiro-activeSessionCache
2020-04-13 08:10:42,570+0000 INFO  [SessionValidationThread-1]  *UNKNOWN org.apache.shiro.session.mgt.AbstractValidatingSessionManager - Finished session validation.  No sessions were stopped.
2020-04-13 08:20:00,008+0000 INFO  [quartz-3-thread-9]  *SYSTEM org.sonatype.nexus.quartz.internal.task.QuartzTaskInfo - Task 'Storage facet cleanup' [repository.storage-facet-cleanup] state change WAITING -> RUNNING
2020-04-13 08:20:00,013+0000 INFO  [quartz-3-thread-9]  *SYSTEM org.sonatype.nexus.quartz.internal.task.QuartzTaskInfo - Task 'Storage facet cleanup' [repository.storage-facet-cleanup] state change RUNNING -> WAITING (OK)
