# Logfile created on 2020-04-13 07:08:59 +0000 by logger.rb/56438
[2020-04-13T07:09:00+00:00] INFO: Started chef-zero at chefzero://localhost:8889 with repository at /opt/gitlab/embedded
  One version per cookbook

[2020-04-13T07:09:00+00:00] INFO: Forking chef instance to converge...
[2020-04-13T07:09:00+00:00] INFO: *** Chef 12.12.15 ***
[2020-04-13T07:09:00+00:00] INFO: Platform: x86_64-linux
[2020-04-13T07:09:00+00:00] INFO: Chef-client pid: 32
[2020-04-13T07:09:04+00:00] WARN: unable to detect ipaddress
[2020-04-13T07:09:05+00:00] INFO: HTTP Request Returned 404 Not Found: Object not found: chefzero://localhost:8889/nodes/2a3118a9ff31
[2020-04-13T07:09:05+00:00] INFO: Setting the run_list to ["recipe[gitlab]"] from CLI options
[2020-04-13T07:09:05+00:00] INFO: Run List is [recipe[gitlab]]
[2020-04-13T07:09:05+00:00] INFO: Run List expands to [gitlab]
[2020-04-13T07:09:05+00:00] INFO: Starting Chef Run for 2a3118a9ff31
[2020-04-13T07:09:05+00:00] INFO: Running start handlers
[2020-04-13T07:09:05+00:00] INFO: Start handlers complete.
[2020-04-13T07:09:05+00:00] INFO: HTTP Request Returned 404 Not Found: Object not found: 
[2020-04-13T07:09:08+00:00] INFO: Loading cookbooks [gitlab@0.0.1, package@0.1.0, registry@0.1.0, consul@0.0.0, runit@0.14.2]
[2020-04-13T07:09:13+00:00] WARN: Runtime directory '/run' is not a tmpfs.
[2020-04-13T07:09:13+00:00] WARN: Skipped selecting an init system because it looks like we are running in a container
[2020-04-13T07:09:14+00:00] INFO: execute[/opt/gitlab/embedded/service/gitlab-shell/bin/gitlab-keys check-permissions] ran successfully
[2020-04-13T07:09:16+00:00] INFO: execute[chown -R root:root /opt/gitlab/embedded/service/gitlab-rails/public] ran successfully
[2020-04-13T07:09:16+00:00] INFO: link[/opt/gitlab/service/redis] created
[2020-04-13T07:09:17+00:00] INFO: link[/opt/gitlab/service/postgresql] created
[2020-04-13T07:09:17+00:00] INFO: bash[migrate gitlab-rails database] running why-run run action to support before action
[2020-04-13T07:09:17+00:00] INFO: link[/opt/gitlab/service/unicorn] created
[2020-04-13T07:09:17+00:00] INFO: link[/opt/gitlab/service/sidekiq] created
[2020-04-13T07:09:17+00:00] INFO: link[/opt/gitlab/service/gitaly] created
[2020-04-13T07:09:17+00:00] INFO: link[/opt/gitlab/service/gitlab-workhorse] created
[2020-04-13T07:09:18+00:00] INFO: link[/opt/gitlab/service/nginx] created
[2020-04-13T07:09:18+00:00] INFO: link[/opt/gitlab/service/logrotate] created
[2020-04-13T07:09:18+00:00] INFO: link[/opt/gitlab/service/node-exporter] created
[2020-04-13T07:09:18+00:00] INFO: link[/opt/gitlab/service/gitlab-monitor] created
[2020-04-13T07:09:18+00:00] INFO: link[/opt/gitlab/service/redis-exporter] created
[2020-04-13T07:09:18+00:00] INFO: template[/opt/gitlab/sv/prometheus/run] backed up to /opt/gitlab/embedded/cookbooks/cache/backup/opt/gitlab/sv/prometheus/run.chef-20200413070918.619879
[2020-04-13T07:09:18+00:00] INFO: template[/opt/gitlab/sv/prometheus/run] updated file contents /opt/gitlab/sv/prometheus/run
[2020-04-13T07:09:18+00:00] INFO: link[/opt/gitlab/service/prometheus] created
[2020-04-13T07:09:18+00:00] INFO: link[/opt/gitlab/service/postgres-exporter] created
[2020-04-13T07:09:18+00:00] INFO: Chef Run complete in 13.572291861 seconds
[2020-04-13T07:09:18+00:00] INFO: Running report handlers
[2020-04-13T07:09:18+00:00] INFO: Report handlers complete
