Cloning the remote Git repository
Cloning repository http://3.6.38.166/gitlab/admin1/ansible-playbook.git
 > git init /var/jenkins_home/jobs/Gameoflife/jobs/Gameoflife-svn/jobs/GameOfLife_CD/workspace # timeout=10
Fetching upstream changes from http://3.6.38.166/gitlab/admin1/ansible-playbook.git
 > git --version # timeout=10
 > git fetch --tags --progress http://3.6.38.166/gitlab/admin1/ansible-playbook.git +refs/heads/*:refs/remotes/origin/*
ERROR: Error cloning remote repo 'origin'
hudson.plugins.git.GitException: Command "git fetch --tags --progress http://3.6.38.166/gitlab/admin1/ansible-playbook.git +refs/heads/*:refs/remotes/origin/*" returned status code 128:
stdout: 
stderr: fatal: Authentication failed for 'http://3.6.38.166/gitlab/admin1/ansible-playbook.git/'

	at org.jenkinsci.plugins.gitclient.CliGitAPIImpl.launchCommandIn(CliGitAPIImpl.java:2002)
	at org.jenkinsci.plugins.gitclient.CliGitAPIImpl.launchCommandWithCredentials(CliGitAPIImpl.java:1721)
	at org.jenkinsci.plugins.gitclient.CliGitAPIImpl.access$300(CliGitAPIImpl.java:72)
	at org.jenkinsci.plugins.gitclient.CliGitAPIImpl$1.execute(CliGitAPIImpl.java:405)
	at org.jenkinsci.plugins.gitclient.CliGitAPIImpl$2.execute(CliGitAPIImpl.java:614)
	at hudson.plugins.git.GitSCM.retrieveChanges(GitSCM.java:1146)
	at hudson.plugins.git.GitSCM.checkout(GitSCM.java:1186)
	at org.jenkinsci.plugins.workflow.steps.scm.SCMStep.checkout(SCMStep.java:113)
	at org.jenkinsci.plugins.workflow.steps.scm.SCMStep$StepExecutionImpl.run(SCMStep.java:85)
	at org.jenkinsci.plugins.workflow.steps.scm.SCMStep$StepExecutionImpl.run(SCMStep.java:75)
	at org.jenkinsci.plugins.workflow.steps.AbstractSynchronousNonBlockingStepExecution$1$1.call(AbstractSynchronousNonBlockingStepExecution.java:47)
	at hudson.security.ACL.impersonate(ACL.java:290)
	at org.jenkinsci.plugins.workflow.steps.AbstractSynchronousNonBlockingStepExecution$1.run(AbstractSynchronousNonBlockingStepExecution.java:44)
	at java.util.concurrent.Executors$RunnableAdapter.call(Executors.java:511)
	at java.util.concurrent.FutureTask.run(FutureTask.java:266)
	at java.util.concurrent.ThreadPoolExecutor.runWorker(ThreadPoolExecutor.java:1149)
	at java.util.concurrent.ThreadPoolExecutor$Worker.run(ThreadPoolExecutor.java:624)
	at java.lang.Thread.run(Thread.java:748)
