[workspace] Running shell script
+ wget --user **** --password **** http://3.6.38.166/nexus/repository/maven-releases/be/cegeka/gameoflife/0.0.1/gameoflife-0.0.1.war
--2019-12-19 10:29:20--  http://3.6.38.166/nexus/repository/maven-releases/be/cegeka/gameoflife/0.0.1/gameoflife-0.0.1.war
Connecting to 3.6.38.166:80... connected.
HTTP request sent, awaiting response... 401 Unauthorized
Authentication selected: Basic realm="Forbidden"
Reusing existing connection to 3.6.38.166:80.
HTTP request sent, awaiting response... 200 OK
Length: 24257578 (23M) [application/java-archive]
Saving to: ‘gameoflife-0.0.1.war’

     0K .......... .......... .......... .......... ..........  0% 57.4M 0s
    50K .......... .......... .......... .......... ..........  0% 88.5M 0s
   100K .......... .......... .......... .......... ..........  0% 57.5M 0s
   150K .......... .......... .......... .......... ..........  0% 72.1M 0s
   200K .......... .......... .......... .......... ..........  1% 12.7M 1s
   250K .......... .......... .......... .......... ..........  1% 69.6M 1s
   300K .......... .......... .......... .......... ..........  1% 77.4M 1s
   350K .......... .......... .......... .......... ..........  1% 57.9M 1s
   400K .......... .......... .......... .......... ..........  1% 68.6M 0s
   450K .......... .......... .......... .......... ..........  2% 91.0M 0s
   500K .......... .......... .......... .......... ..........  2% 70.7M 0s
   550K .......... .......... .......... .......... ..........  2% 63.8M 0s
   600K .......... .......... .......... .......... ..........  2% 65.0M 0s
   650K .......... .......... .......... .......... ..........  2% 15.5M 1s
   700K .......... .......... .......... .......... ..........  3%  261M 0s
   750K .......... .......... .......... .......... ..........  3%  149M 0s
   800K .......... .......... .......... .......... ..........  3% 89.7M 0s
   850K .......... .......... .......... .......... ..........  3% 77.6M 0s
   900K .......... .......... .......... .......... ..........  4%  250M 0s
   950K .......... .......... .......... .......... ..........  4%  233M 0s
  1000K .......... .......... .......... .......... ..........  4% 54.5M 0s
  1050K .......... .......... .......... .......... ..........  4%  222M 0s
  1100K .......... .......... .......... .......... ..........  4%  240M 0s
  1150K .......... .......... .......... .......... ..........  5%  253M 0s
  1200K .......... .......... .......... .......... ..........  5%  205M 0s
  1250K .......... .......... .......... .......... ..........  5%  242M 0s
  1300K .......... .......... .......... .......... ..........  5%  237M 0s
  1350K .......... .......... .......... .......... ..........  5%  242M 0s
  1400K .......... .......... .......... .......... ..........  6%  225M 0s
  1450K .......... .......... .......... .......... ..........  6%  183M 0s
  1500K .......... .......... .......... .......... ..........  6%  242M 0s
  1550K .......... .......... .......... .......... ..........  6% 13.9M 0s
  1600K .......... .......... .......... .......... ..........  6%  141M 0s
  1650K .......... .......... .......... .......... ..........  7%  227M 0s
  1700K .......... .......... .......... .......... ..........  7%  211M 0s
  1750K .......... .......... .......... .......... ..........  7%  188M 0s
  1800K .......... .......... .......... .......... ..........  7% 5.53M 0s
  1850K .......... .......... .......... .......... ..........  8%  224M 0s
  1900K .......... .......... .......... .......... ..........  8%  227M 0s
  1950K .......... .......... .......... .......... ..........  8%  199M 0s
  2000K .......... .......... .......... .......... ..........  8%  228M 0s
  2050K .......... .......... .......... .......... ..........  8%  226M 0s
  2100K .......... .......... .......... .......... ..........  9%  231M 0s
  2150K .......... .......... .......... .......... ..........  9% 22.5M 0s
  2200K .......... .......... .......... .......... ..........  9% 5.97M 0s
  2250K .......... .......... .......... .......... ..........  9% 63.2M 0s
  2300K .......... .......... .......... .......... ..........  9% 63.9M 0s
  2350K .......... .......... .......... .......... .......... 10% 65.5M 0s
  2400K .......... .......... .......... .......... .......... 10% 5.76M 0s
  2450K .......... .......... .......... .......... .......... 10%  221M 0s
  2500K .......... .......... .......... .......... .......... 10% 59.2M 0s
  2550K .......... .......... .......... .......... .......... 10% 98.6M 0s
  2600K .......... .......... .......... .......... .......... 11%  202M 0s
  2650K .......... .......... .......... .......... .......... 11%  193M 0s
  2700K .......... .......... .......... .......... .......... 11%  201M 0s
  2750K .......... .......... .......... .......... .......... 11%  170M 0s
  2800K .......... .......... .......... .......... .......... 12%  213M 0s
  2850K .......... .......... .......... .......... .......... 12%  190M 0s
  2900K .......... .......... .......... .......... .......... 12%  197M 0s
  2950K .......... .......... .......... .......... .......... 12%  176M 0s
  3000K .......... .......... .......... .......... .......... 12% 28.6M 0s
  3050K .......... .......... .......... .......... .......... 13%  206M 0s
  3100K .......... .......... .......... .......... .......... 13%  186M 0s
  3150K .......... .......... .......... .......... .......... 13%  163M 0s
  3200K .......... .......... .......... .......... .......... 13%  201M 0s
  3250K .......... .......... .......... .......... .......... 13%  180M 0s
  3300K .......... .......... .......... .......... .......... 14%  187M 0s
  3350K .......... .......... .......... .......... .......... 14%  165M 0s
  3400K .......... .......... .......... .......... .......... 14%  198M 0s
  3450K .......... .......... .......... .......... .......... 14%  209M 0s
  3500K .......... .......... .......... .......... .......... 14%  180M 0s
  3550K .......... .......... .......... .......... .......... 15%  183M 0s
  3600K .......... .......... .......... .......... .......... 15%  207M 0s
  3650K .......... .......... .......... .......... .......... 15%  202M 0s
  3700K .......... .......... .......... .......... .......... 15%  214M 0s
  3750K .......... .......... .......... .......... .......... 16%  186M 0s
  3800K .......... .......... .......... .......... .......... 16%  216M 0s
  3850K .......... .......... .......... .......... .......... 16%  225M 0s
  3900K .......... .......... .......... .......... .......... 16%  224M 0s
  3950K .......... .......... .......... .......... .......... 16%  194M 0s
  4000K .......... .......... .......... .......... .......... 17%  222M 0s
  4050K .......... .......... .......... .......... .......... 17%  230M 0s
  4100K .......... .......... .......... .......... .......... 17%  219M 0s
  4150K .......... .......... .......... .......... .......... 17%  192M 0s
  4200K .......... .......... .......... .......... .......... 17%  222M 0s
  4250K .......... .......... .......... .......... .......... 18%  222M 0s
  4300K .......... .......... .......... .......... .......... 18%  218M 0s
  4350K .......... .......... .......... .......... .......... 18% 12.9M 0s
  4400K .......... .......... .......... .......... .......... 18%  216M 0s
  4450K .......... .......... .......... .......... .......... 18%  188M 0s
  4500K .......... .......... .......... .......... .......... 19%  195M 0s
  4550K .......... .......... .......... .......... .......... 19%  167M 0s
  4600K .......... .......... .......... .......... .......... 19%  187M 0s
  4650K .......... .......... .......... .......... .......... 19%  182M 0s
  4700K .......... .......... .......... .......... .......... 20%  191M 0s
  4750K .......... .......... .......... .......... .......... 20%  177M 0s
  4800K .......... .......... .......... .......... .......... 20%  185M 0s
  4850K .......... .......... .......... .......... .......... 20%  197M 0s
  4900K .......... .......... .......... .......... .......... 20%  226M 0s
  4950K .......... .......... .......... .......... .......... 21%  178M 0s
  5000K .......... .......... .......... .......... .......... 21%  203M 0s
  5050K .......... .......... .......... .......... .......... 21%  185M 0s
  5100K .......... .......... .......... .......... .......... 21%  205M 0s
  5150K .......... .......... .......... .......... .......... 21%  162M 0s
  5200K .......... .......... .......... .......... .......... 22% 9.95M 0s
  5250K .......... .......... .......... .......... .......... 22%  211M 0s
  5300K .......... .......... .......... .......... .......... 22%  223M 0s
  5350K .......... .......... .......... .......... .......... 22% 19.6M 0s
  5400K .......... .......... .......... .......... .......... 23%  206M 0s
  5450K .......... .......... .......... .......... .......... 23%  171M 0s
  5500K .......... .......... .......... .......... .......... 23%  172M 0s
  5550K .......... .......... .......... .......... .......... 23%  152M 0s
  5600K .......... .......... .......... .......... .......... 23%  193M 0s
  5650K .......... .......... .......... .......... .......... 24%  197M 0s
  5700K .......... .......... .......... .......... .......... 24%  195M 0s
  5750K .......... .......... .......... .......... .......... 24%  149M 0s
  5800K .......... .......... .......... .......... .......... 24%  194M 0s
  5850K .......... .......... .......... .......... .......... 24%  202M 0s
  5900K .......... .......... .......... .......... .......... 25%  175M 0s
  5950K .......... .......... .......... .......... .......... 25%  171M 0s
  6000K .......... .......... .......... .......... .......... 25%  199M 0s
  6050K .......... .......... .......... .......... .......... 25%  199M 0s
  6100K .......... .......... .......... .......... .......... 25%  184M 0s
  6150K .......... .......... .......... .......... .......... 26%  177M 0s
  6200K .......... .......... .......... .......... .......... 26% 7.32M 0s
  6250K .......... .......... .......... .......... .......... 26%  209M 0s
  6300K .......... .......... .......... .......... .......... 26%  181M 0s
  6350K .......... .......... .......... .......... .......... 27%  162M 0s
  6400K .......... .......... .......... .......... .......... 27%  201M 0s
  6450K .......... .......... .......... .......... .......... 27%  199M 0s
  6500K .......... .......... .......... .......... .......... 27%  143M 0s
  6550K .......... .......... .......... .......... .......... 27%  169M 0s
  6600K .......... .......... .......... .......... .......... 28%  194M 0s
  6650K .......... .......... .......... .......... .......... 28%  211M 0s
  6700K .......... .......... .......... .......... .......... 28%  223M 0s
  6750K .......... .......... .......... .......... .......... 28%  167M 0s
  6800K .......... .......... .......... .......... .......... 28%  207M 0s
  6850K .......... .......... .......... .......... .......... 29%  199M 0s
  6900K .......... .......... .......... .......... .......... 29%  180M 0s
  6950K .......... .......... .......... .......... .......... 29%  154M 0s
  7000K .......... .......... .......... .......... .......... 29%  194M 0s
  7050K .......... .......... .......... .......... .......... 29%  222M 0s
  7100K .......... .......... .......... .......... .......... 30%  183M 0s
  7150K .......... .......... .......... .......... .......... 30%  176M 0s
  7200K .......... .......... .......... .......... .......... 30%  193M 0s
  7250K .......... .......... .......... .......... .......... 30% 5.86M 0s
  7300K .......... .......... .......... .......... .......... 31%  200M 0s
  7350K .......... .......... .......... .......... .......... 31%  158M 0s
  7400K .......... .......... .......... .......... .......... 31%  186M 0s
  7450K .......... .......... .......... .......... .......... 31%  186M 0s
  7500K .......... .......... .......... .......... .......... 31%  186M 0s
  7550K .......... .......... .......... .......... .......... 32%  160M 0s
  7600K .......... .......... .......... .......... .......... 32%  176M 0s
  7650K .......... .......... .......... .......... .......... 32%  178M 0s
  7700K .......... .......... .......... .......... .......... 32%  181M 0s
  7750K .......... .......... .......... .......... .......... 32%  141M 0s
  7800K .......... .......... .......... .......... .......... 33%  177M 0s
  7850K .......... .......... .......... .......... .......... 33%  185M 0s
  7900K .......... .......... .......... .......... .......... 33%  183M 0s
  7950K .......... .......... .......... .......... .......... 33% 11.3M 0s
  8000K .......... .......... .......... .......... .......... 33%  200M 0s
  8050K .......... .......... .......... .......... .......... 34%  233M 0s
  8100K .......... .......... .......... .......... .......... 34%  231M 0s
  8150K .......... .......... .......... .......... .......... 34%  205M 0s
  8200K .......... .......... .......... .......... .......... 34%  222M 0s
  8250K .......... .......... .......... .......... .......... 35%  227M 0s
  8300K .......... .......... .......... .......... .......... 35%  227M 0s
  8350K .......... .......... .......... .......... .......... 35%  204M 0s
  8400K .......... .......... .......... .......... .......... 35%  251M 0s
  8450K .......... .......... .......... .......... .......... 35%  229M 0s
  8500K .......... .......... .......... .......... .......... 36%  193M 0s
  8550K .......... .......... .......... .......... .......... 36%  178M 0s
  8600K .......... .......... .......... .......... .......... 36%  185M 0s
  8650K .......... .......... .......... .......... .......... 36%  178M 0s
  8700K .......... .......... .......... .......... .......... 36%  180M 0s
  8750K .......... .......... .......... .......... .......... 37%  197M 0s
  8800K .......... .......... .......... .......... .......... 37%  180M 0s
  8850K .......... .......... .......... .......... .......... 37%  184M 0s
  8900K .......... .......... .......... .......... .......... 37%  209M 0s
  8950K .......... .......... .......... .......... .......... 37%  158M 0s
  9000K .......... .......... .......... .......... .......... 38%  184M 0s
  9050K .......... .......... .......... .......... .......... 38%  170M 0s
  9100K .......... .......... .......... .......... .......... 38%  186M 0s
  9150K .......... .......... .......... .......... .......... 38%  171M 0s
  9200K .......... .......... .......... .......... .......... 39%  202M 0s
  9250K .......... .......... .......... .......... .......... 39%  206M 0s
  9300K .......... .......... .......... .......... .......... 39%  217M 0s
  9350K .......... .......... .......... .......... .......... 39%  192M 0s
  9400K .......... .......... .......... .......... .......... 39%  157M 0s
  9450K .......... .......... .......... .......... .......... 40%  161M 0s
  9500K .......... .......... .......... .......... .......... 40%  168M 0s
  9550K .......... .......... .......... .......... .......... 40%  135M 0s
  9600K .......... .......... .......... .......... .......... 40%  175M 0s
  9650K .......... .......... .......... .......... .......... 40%  190M 0s
  9700K .......... .......... .......... .......... .......... 41%  191M 0s
  9750K .......... .......... .......... .......... .......... 41%  183M 0s
  9800K .......... .......... .......... .......... .......... 41%  170M 0s
  9850K .......... .......... .......... .......... .......... 41%  190M 0s
  9900K .......... .......... .......... .......... .......... 42%  183M 0s
  9950K .......... .......... .......... .......... .......... 42%  192M 0s
 10000K .......... .......... .......... .......... .......... 42%  200M 0s
 10050K .......... .......... .......... .......... .......... 42%  153M 0s
 10100K .......... .......... .......... .......... .......... 42%  163M 0s
 10150K .......... .......... .......... .......... .......... 43%  141M 0s
 10200K .......... .......... .......... .......... .......... 43%  167M 0s
 10250K .......... .......... .......... .......... .......... 43%  156M 0s
 10300K .......... .......... .......... .......... .......... 43%  171M 0s
 10350K .......... .......... .......... .......... .......... 43%  154M 0s
 10400K .......... .......... .......... .......... .......... 44%  193M 0s
 10450K .......... .......... .......... .......... .......... 44%  217M 0s
 10500K .......... .......... .......... .......... .......... 44%  185M 0s
 10550K .......... .......... .......... .......... .......... 44%  143M 0s
 10600K .......... .......... .......... .......... .......... 44%  217M 0s
 10650K .......... .......... .......... .......... .......... 45%  180M 0s
 10700K .......... .......... .......... .......... .......... 45%  180M 0s
 10750K .......... .......... .......... .......... .......... 45%  157M 0s
 10800K .......... .......... .......... .......... .......... 45%  165M 0s
 10850K .......... .......... .......... .......... .......... 46%  193M 0s
 10900K .......... .......... .......... .......... .......... 46%  195M 0s
 10950K .......... .......... .......... .......... .......... 46%  149M 0s
 11000K .......... .......... .......... .......... .......... 46%  195M 0s
 11050K .......... .......... .......... .......... .......... 46%  195M 0s
 11100K .......... .......... .......... .......... .......... 47%  204M 0s
 11150K .......... .......... .......... .......... .......... 47%  181M 0s
 11200K .......... .......... .......... .......... .......... 47%  228M 0s
 11250K .......... .......... .......... .......... .......... 47%  193M 0s
 11300K .......... .......... .......... .......... .......... 47%  203M 0s
 11350K .......... .......... .......... .......... .......... 48%  182M 0s
 11400K .......... .......... .......... .......... .......... 48%  227M 0s
 11450K .......... .......... .......... .......... .......... 48%  215M 0s
 11500K .......... .......... .......... .......... .......... 48%  224M 0s
 11550K .......... .......... .......... .......... .......... 48%  195M 0s
 11600K .......... .......... .......... .......... .......... 49%  222M 0s
 11650K .......... .......... .......... .......... .......... 49%  215M 0s
 11700K .......... .......... .......... .......... .......... 49%  220M 0s
 11750K .......... .......... .......... .......... .......... 49%  112M 0s
 11800K .......... .......... .......... .......... .......... 50% 89.9M 0s
 11850K .......... .......... .......... .......... .......... 50% 89.9M 0s
 11900K .......... .......... .......... .......... .......... 50% 88.1M 0s
 11950K .......... .......... .......... .......... .......... 50% 98.3M 0s
 12000K .......... .......... .......... .......... .......... 50% 76.9M 0s
 12050K .......... .......... .......... .......... .......... 51% 71.5M 0s
 12100K .......... .......... .......... .......... .......... 51% 97.6M 0s
 12150K .......... .......... .......... .......... .......... 51%  109M 0s
 12200K .......... .......... .......... .......... .......... 51% 84.4M 0s
 12250K .......... .......... .......... .......... .......... 51% 74.5M 0s
 12300K .......... .......... .......... .......... .......... 52% 12.8M 0s
 12350K .......... .......... .......... .......... .......... 52%  173M 0s
 12400K .......... .......... .......... .......... .......... 52%  140M 0s
 12450K .......... .......... .......... .......... .......... 52%  194M 0s
 12500K .......... .......... .......... .......... .......... 52%  223M 0s
 12550K .......... .......... .......... .......... .......... 53%  187M 0s
 12600K .......... .......... .......... .......... .......... 53%  183M 0s
 12650K .......... .......... .......... .......... .......... 53%  220M 0s
 12700K .......... .......... .......... .......... .......... 53%  190M 0s
 12750K .......... .......... .......... .......... .......... 54%  186M 0s
 12800K .......... .......... .......... .......... .......... 54%  155M 0s
 12850K .......... .......... .......... .......... .......... 54%  122M 0s
 12900K .......... .......... .......... .......... .......... 54% 88.2M 0s
 12950K .......... .......... .......... .......... .......... 54% 82.9M 0s
 13000K .......... .......... .......... .......... .......... 55% 85.0M 0s
 13050K .......... .......... .......... .......... .......... 55% 98.8M 0s
 13100K .......... .......... .......... .......... .......... 55% 76.5M 0s
 13150K .......... .......... .......... .......... .......... 55% 84.8M 0s
 13200K .......... .......... .......... .......... .......... 55% 87.7M 0s
 13250K .......... .......... .......... .......... .......... 56% 92.4M 0s
 13300K .......... .......... .......... .......... .......... 56% 91.4M 0s
 13350K .......... .......... .......... .......... .......... 56% 86.7M 0s
 13400K .......... .......... .......... .......... .......... 56% 78.0M 0s
 13450K .......... .......... .......... .......... .......... 56% 91.1M 0s
 13500K .......... .......... .......... .......... .......... 57%  102M 0s
 13550K .......... .......... .......... .......... .......... 57% 72.9M 0s
 13600K .......... .......... .......... .......... .......... 57%  100M 0s
 13650K .......... .......... .......... .......... .......... 57% 98.9M 0s
 13700K .......... .......... .......... .......... .......... 58% 65.2M 0s
 13750K .......... .......... .......... .......... .......... 58% 86.2M 0s
 13800K .......... .......... .......... .......... .......... 58%  105M 0s
 13850K .......... .......... .......... .......... .......... 58%  101M 0s
 13900K .......... .......... .......... .......... .......... 58% 64.7M 0s
 13950K .......... .......... .......... .......... .......... 59% 99.0M 0s
 14000K .......... .......... .......... .......... .......... 59%  104M 0s
 14050K .......... .......... .......... .......... .......... 59% 93.6M 0s
 14100K .......... .......... .......... .......... .......... 59%  101M 0s
 14150K .......... .......... .......... .......... .......... 59% 54.0M 0s
 14200K .......... .......... .......... .......... .......... 60%  113M 0s
 14250K .......... .......... .......... .......... .......... 60% 83.7M 0s
 14300K .......... .......... .......... .......... .......... 60%  102M 0s
 14350K .......... .......... .......... .......... .......... 60% 57.8M 0s
 14400K .......... .......... .......... .......... .......... 60% 26.3M 0s
 14450K .......... .......... .......... .......... .......... 61%  184M 0s
 14500K .......... .......... .......... .......... .......... 61%  184M 0s
 14550K .......... .......... .......... .......... .......... 61%  222M 0s
 14600K .......... .......... .......... .......... .......... 61%  291M 0s
 14650K .......... .......... .......... .......... .......... 62%  180M 0s
 14700K .......... .......... .......... .......... .......... 62% 85.6M 0s
 14750K .......... .......... .......... .......... .......... 62% 77.6M 0s
 14800K .......... .......... .......... .......... .......... 62% 83.6M 0s
 14850K .......... .......... .......... .......... .......... 62% 57.1M 0s
 14900K .......... .......... .......... .......... .......... 63% 16.0M 0s
 14950K .......... .......... .......... .......... .......... 63% 78.6M 0s
 15000K .......... .......... .......... .......... .......... 63% 84.9M 0s
 15050K .......... .......... .......... .......... .......... 63% 59.1M 0s
 15100K .......... .......... .......... .......... .......... 63% 73.0M 0s
 15150K .......... .......... .......... .......... .......... 64% 65.7M 0s
 15200K .......... .......... .......... .......... .......... 64%  153M 0s
 15250K .......... .......... .......... .......... .......... 64%  162M 0s
 15300K .......... .......... .......... .......... .......... 64%  177M 0s
 15350K .......... .......... .......... .......... .......... 65%  199M 0s
 15400K .......... .......... .......... .......... .......... 65%  204M 0s
 15450K .......... .......... .......... .......... .......... 65%  145M 0s
 15500K .......... .......... .......... .......... .......... 65%  207M 0s
 15550K .......... .......... .......... .......... .......... 65%  148M 0s
 15600K .......... .......... .......... .......... .......... 66%  181M 0s
 15650K .......... .......... .......... .......... .......... 66%  173M 0s
 15700K .......... .......... .......... .......... .......... 66%  171M 0s
 15750K .......... .......... .......... .......... .......... 66%  232M 0s
 15800K .......... .......... .......... .......... .......... 66%  129M 0s
 15850K .......... .......... .......... .......... .......... 67%  158M 0s
 15900K .......... .......... .......... .......... .......... 67%  238M 0s
 15950K .......... .......... .......... .......... .......... 67%  126M 0s
 16000K .......... .......... .......... .......... .......... 67% 88.4M 0s
 16050K .......... .......... .......... .......... .......... 67% 85.7M 0s
 16100K .......... .......... .......... .......... .......... 68% 93.5M 0s
 16150K .......... .......... .......... .......... .......... 68% 77.8M 0s
 16200K .......... .......... .......... .......... .......... 68% 94.9M 0s
 16250K .......... .......... .......... .......... .......... 68% 79.4M 0s
 16300K .......... .......... .......... .......... .......... 69% 89.9M 0s
 16350K .......... .......... .......... .......... .......... 69% 93.1M 0s
 16400K .......... .......... .......... .......... .......... 69% 89.1M 0s
 16450K .......... .......... .......... .......... .......... 69% 79.4M 0s
 16500K .......... .......... .......... .......... .......... 69% 91.8M 0s
 16550K .......... .......... .......... .......... .......... 70% 99.0M 0s
 16600K .......... .......... .......... .......... .......... 70% 85.5M 0s
 16650K .......... .......... .......... .......... .......... 70% 80.4M 0s
 16700K .......... .......... .......... .......... .......... 70% 94.9M 0s
 16750K .......... .......... .......... .......... .......... 70% 76.2M 0s
 16800K .......... .......... .......... .......... .......... 71%  124M 0s
 16850K .......... .......... .......... .......... .......... 71% 72.5M 0s
 16900K .......... .......... .......... .......... .......... 71% 86.5M 0s
 16950K .......... .......... .......... .......... .......... 71% 91.1M 0s
 17000K .......... .......... .......... .......... .......... 71% 77.5M 0s
 17050K .......... .......... .......... .......... .......... 72%  109M 0s
 17100K .......... .......... .......... .......... .......... 72% 90.2M 0s
 17150K .......... .......... .......... .......... .......... 72% 81.5M 0s
 17200K .......... .......... .......... .......... .......... 72% 78.9M 0s
 17250K .......... .......... .......... .......... .......... 73%  101M 0s
 17300K .......... .......... .......... .......... .......... 73% 88.8M 0s
 17350K .......... .......... .......... .......... .......... 73% 90.8M 0s
 17400K .......... .......... .......... .......... .......... 73% 86.5M 0s
 17450K .......... .......... .......... .......... .......... 73% 86.3M 0s
 17500K .......... .......... .......... .......... .......... 74% 94.3M 0s
 17550K .......... .......... .......... .......... .......... 74% 76.3M 0s
 17600K .......... .......... .......... .......... .......... 74% 86.4M 0s
 17650K .......... .......... .......... .......... .......... 74%  123M 0s
 17700K .......... .......... .......... .......... .......... 74% 78.8M 0s
 17750K .......... .......... .......... .......... .......... 75% 78.1M 0s
 17800K .......... .......... .......... .......... .......... 75% 96.9M 0s
 17850K .......... .......... .......... .......... .......... 75% 76.7M 0s
 17900K .......... .......... .......... .......... .......... 75% 79.0M 0s
 17950K .......... .......... .......... .......... .......... 75% 92.4M 0s
 18000K .......... .......... .......... .......... .......... 76%  113M 0s
 18050K .......... .......... .......... .......... .......... 76% 91.6M 0s
 18100K .......... .......... .......... .......... .......... 76% 86.5M 0s
 18150K .......... .......... .......... .......... .......... 76% 58.2M 0s
 18200K .......... .......... .......... .......... .......... 77%  110M 0s
 18250K .......... .......... .......... .......... .......... 77% 89.5M 0s
 18300K .......... .......... .......... .......... .......... 77% 97.7M 0s
 18350K .......... .......... .......... .......... .......... 77% 76.0M 0s
 18400K .......... .......... .......... .......... .......... 77% 71.5M 0s
 18450K .......... .......... .......... .......... .......... 78%  102M 0s
 18500K .......... .......... .......... .......... .......... 78% 92.4M 0s
 18550K .......... .......... .......... .......... .......... 78% 81.7M 0s
 18600K .......... .......... .......... .......... .......... 78% 80.6M 0s
 18650K .......... .......... .......... .......... .......... 78%  103M 0s
 18700K .......... .......... .......... .......... .......... 79% 84.7M 0s
 18750K .......... .......... .......... .......... .......... 79% 78.8M 0s
 18800K .......... .......... .......... .......... .......... 79% 91.7M 0s
 18850K .......... .......... .......... .......... .......... 79% 84.9M 0s
 18900K .......... .......... .......... .......... .......... 79% 99.6M 0s
 18950K .......... .......... .......... .......... .......... 80% 84.7M 0s
 19000K .......... .......... .......... .......... .......... 80% 84.7M 0s
 19050K .......... .......... .......... .......... .......... 80% 85.0M 0s
 19100K .......... .......... .......... .......... .......... 80% 91.5M 0s
 19150K .......... .......... .......... .......... .......... 81% 93.7M 0s
 19200K .......... .......... .......... .......... .......... 81% 75.6M 0s
 19250K .......... .......... .......... .......... .......... 81% 90.5M 0s
 19300K .......... .......... .......... .......... .......... 81% 85.0M 0s
 19350K .......... .......... .......... .......... .......... 81% 99.7M 0s
 19400K .......... .......... .......... .......... .......... 82% 82.1M 0s
 19450K .......... .......... .......... .......... .......... 82% 81.1M 0s
 19500K .......... .......... .......... .......... .......... 82% 79.1M 0s
 19550K .......... .......... .......... .......... .......... 82%  104M 0s
 19600K .......... .......... .......... .......... .......... 82% 92.9M 0s
 19650K .......... .......... .......... .......... .......... 83% 90.1M 0s
 19700K .......... .......... .......... .......... .......... 83% 77.1M 0s
 19750K .......... .......... .......... .......... .......... 83% 88.0M 0s
 19800K .......... .......... .......... .......... .......... 83% 98.8M 0s
 19850K .......... .......... .......... .......... .......... 84% 98.7M 0s
 19900K .......... .......... .......... .......... .......... 84% 66.3M 0s
 19950K .......... .......... .......... .......... .......... 84%  104M 0s
 20000K .......... .......... .......... .......... .......... 84% 93.1M 0s
 20050K .......... .......... .......... .......... .......... 84% 84.6M 0s
 20100K .......... .......... .......... .......... .......... 85% 44.6M 0s
 20150K .......... .......... .......... .......... .......... 85%  101M 0s
 20200K .......... .......... .......... .......... .......... 85% 94.3M 0s
 20250K .......... .......... .......... .......... .......... 85% 58.7M 0s
 20300K .......... .......... .......... .......... .......... 85% 85.5M 0s
 20350K .......... .......... .......... .......... .......... 86% 70.9M 0s
 20400K .......... .......... .......... .......... .......... 86% 82.9M 0s
 20450K .......... .......... .......... .......... .......... 86% 64.9M 0s
 20500K .......... .......... .......... .......... .......... 86% 58.5M 0s
 20550K .......... .......... .......... .......... .......... 86% 68.3M 0s
 20600K .......... .......... .......... .......... .......... 87% 63.5M 0s
 20650K .......... .......... .......... .......... .......... 87% 92.8M 0s
 20700K .......... .......... .......... .......... .......... 87% 69.5M 0s
 20750K .......... .......... .......... .......... .......... 87% 58.5M 0s
 20800K .......... .......... .......... .......... .......... 88% 86.6M 0s
 20850K .......... .......... .......... .......... .......... 88% 97.7M 0s
 20900K .......... .......... .......... .......... .......... 88% 48.8M 0s
 20950K .......... .......... .......... .......... .......... 88% 75.9M 0s
 21000K .......... .......... .......... .......... .......... 88% 76.7M 0s
 21050K .......... .......... .......... .......... .......... 89% 75.3M 0s
 21100K .......... .......... .......... .......... .......... 89% 76.7M 0s
 21150K .......... .......... .......... .......... .......... 89% 85.5M 0s
 21200K .......... .......... .......... .......... .......... 89% 80.1M 0s
 21250K .......... .......... .......... .......... .......... 89% 29.1M 0s
 21300K .......... .......... .......... .......... .......... 90% 62.9M 0s
 21350K .......... .......... .......... .......... .......... 90% 74.9M 0s
 21400K .......... .......... .......... .......... .......... 90% 85.2M 0s
 21450K .......... .......... .......... .......... .......... 90% 79.4M 0s
 21500K .......... .......... .......... .......... .......... 90% 57.4M 0s
 21550K .......... .......... .......... .......... .......... 91% 73.8M 0s
 21600K .......... .......... .......... .......... .......... 91% 78.0M 0s
 21650K .......... .......... .......... .......... .......... 91% 90.0M 0s
 21700K .......... .......... .......... .......... .......... 91% 71.1M 0s
 21750K .......... .......... .......... .......... .......... 92% 65.9M 0s
 21800K .......... .......... .......... .......... .......... 92% 59.4M 0s
 21850K .......... .......... .......... .......... .......... 92% 66.6M 0s
 21900K .......... .......... .......... .......... .......... 92% 65.7M 0s
 21950K .......... .......... .......... .......... .......... 92% 80.8M 0s
 22000K .......... .......... .......... .......... .......... 93% 57.0M 0s
 22050K .......... .......... .......... .......... .......... 93% 86.1M 0s
 22100K .......... .......... .......... .......... .......... 93% 66.8M 0s
 22150K .......... .......... .......... .......... .......... 93% 58.3M 0s
 22200K .......... .......... .......... .......... .......... 93% 67.7M 0s
 22250K .......... .......... .......... .......... .......... 94%  101M 0s
 22300K .......... .......... .......... .......... .......... 94% 37.1M 0s
 22350K .......... .......... .......... .......... .......... 94%  164M 0s
 22400K .......... .......... .......... .......... .......... 94%  212M 0s
 22450K .......... .......... .......... .......... .......... 94%  226M 0s
 22500K .......... .......... .......... .......... .......... 95%  106M 0s
 22550K .......... .......... .......... .......... .......... 95%  169M 0s
 22600K .......... .......... .......... .......... .......... 95%  176M 0s
 22650K .......... .......... .......... .......... .......... 95%  183M 0s
 22700K .......... .......... .......... .......... .......... 96%  176M 0s
 22750K .......... .......... .......... .......... .......... 96%  184M 0s
 22800K .......... .......... .......... .......... .......... 96%  135M 0s
 22850K .......... .......... .......... .......... .......... 96%  141M 0s
 22900K .......... .......... .......... .......... .......... 96%  184M 0s
 22950K .......... .......... .......... .......... .......... 97%  155M 0s
 23000K .......... .......... .......... .......... .......... 97%  171M 0s
 23050K .......... .......... .......... .......... .......... 97%  138M 0s
 23100K .......... .......... .......... .......... .......... 97%  140M 0s
 23150K .......... .......... .......... .......... .......... 97%  196M 0s
 23200K .......... .......... .......... .......... .......... 98%  200M 0s
 23250K .......... .......... .......... .......... .......... 98%  237M 0s
 23300K .......... .......... .......... .......... .......... 98%  151M 0s
 23350K .......... .......... .......... .......... .......... 98%  161M 0s
 23400K .......... .......... .......... .......... .......... 98%  323M 0s
 23450K .......... .......... .......... .......... .......... 99%  337M 0s
 23500K .......... .......... .......... .......... .......... 99%  293M 0s
 23550K .......... .......... .......... .......... .......... 99%  337M 0s
 23600K .......... .......... .......... .......... .......... 99%  332M 0s
 23650K .......... .......... .......... .........            100%  217M=0.3s

2019-12-19 10:29:21 (86.2 MB/s) - ‘gameoflife-0.0.1.war’ saved [24257578/24257578]

