[workspace] Running shell script
+ mvn clean install sonar:sonar
----- withMaven Wrapper script -----
Picked up JAVA_TOOL_OPTIONS: -Dmaven.ext.class.path="/var/jenkins_home/jobs/Gameoflife/jobs/Gameoflife-Git/jobs/Gameoflife_CI/workspace@tmp/withMaven9bc89cea/pipeline-maven-spy.jar" -Dorg.jenkinsci.plugins.pipeline.maven.reportsFolder="/var/jenkins_home/jobs/Gameoflife/jobs/Gameoflife-Git/jobs/Gameoflife_CI/workspace@tmp/withMaven9bc89cea" 
Apache Maven 3.0.5 (r01de14724cdef164cd33c7c8c2fe155faf9602da; 2013-02-19 13:51:28+0000)
Maven home: /var/jenkins_home/tools/hudson.tasks.Maven_MavenInstallation/Maven
Java version: 1.8.0_221, vendor: Oracle Corporation
Java home: /var/jenkins_home/tools/hudson.model.JDK/jdk8/jre
Default locale: en, platform encoding: UTF-8
OS name: "linux", version: "4.4.0-1099-aws", arch: "amd64", family: "unix"
[INFO] Scanning for projects...
[8mha:////4JOSnVqr3aV9xt9dK4O2ctbA1F7ycyEPgk9BEPK8qQl3AAAAYB+LCAAAAAAAAP9b85aBtbiIQSmjNKU4P0+vJLE4u1gvPjexLDVPzxdEuhYV5Rf55ZekOlc7RKnPKH7IxMBQUcQgBdWQnJ9XnJ+TqucMoUEKGSCAEaSwAACsNFCqYAAAAA==[0m[ERROR] The build could not read 1 project -> [Help 1]
[8mha:////4JOSnVqr3aV9xt9dK4O2ctbA1F7ycyEPgk9BEPK8qQl3AAAAYB+LCAAAAAAAAP9b85aBtbiIQSmjNKU4P0+vJLE4u1gvPjexLDVPzxdEuhYV5Rf55ZekOlc7RKnPKH7IxMBQUcQgBdWQnJ9XnJ+TqucMoUEKGSCAEaSwAACsNFCqYAAAAA==[0m[ERROR]   
[8mha:////4JOSnVqr3aV9xt9dK4O2ctbA1F7ycyEPgk9BEPK8qQl3AAAAYB+LCAAAAAAAAP9b85aBtbiIQSmjNKU4P0+vJLE4u1gvPjexLDVPzxdEuhYV5Rf55ZekOlc7RKnPKH7IxMBQUcQgBdWQnJ9XnJ+TqucMoUEKGSCAEaSwAACsNFCqYAAAAA==[0m[ERROR]   The project be.cegeka:gameoflife:0.0.1 (/var/jenkins_home/jobs/Gameoflife/jobs/Gameoflife-Git/jobs/Gameoflife_CI/workspace/pom.xml) has 1 error
[8mha:////4JOSnVqr3aV9xt9dK4O2ctbA1F7ycyEPgk9BEPK8qQl3AAAAYB+LCAAAAAAAAP9b85aBtbiIQSmjNKU4P0+vJLE4u1gvPjexLDVPzxdEuhYV5Rf55ZekOlc7RKnPKH7IxMBQUcQgBdWQnJ9XnJ+TqucMoUEKGSCAEaSwAACsNFCqYAAAAA==[0m[ERROR]     Malformed POM /var/jenkins_home/jobs/Gameoflife/jobs/Gameoflife-Git/jobs/Gameoflife_CI/workspace/pom.xml: Unrecognised tag: 'sonar.host.url' (position: START_TAG seen ...</version>\n          <sonar.host.url>... @77:27)  @ /var/jenkins_home/jobs/Gameoflife/jobs/Gameoflife-Git/jobs/Gameoflife_CI/workspace/pom.xml, line 77, column 27 -> [Help 2]
[8mha:////4JOSnVqr3aV9xt9dK4O2ctbA1F7ycyEPgk9BEPK8qQl3AAAAYB+LCAAAAAAAAP9b85aBtbiIQSmjNKU4P0+vJLE4u1gvPjexLDVPzxdEuhYV5Rf55ZekOlc7RKnPKH7IxMBQUcQgBdWQnJ9XnJ+TqucMoUEKGSCAEaSwAACsNFCqYAAAAA==[0m[ERROR] 
[8mha:////4JOSnVqr3aV9xt9dK4O2ctbA1F7ycyEPgk9BEPK8qQl3AAAAYB+LCAAAAAAAAP9b85aBtbiIQSmjNKU4P0+vJLE4u1gvPjexLDVPzxdEuhYV5Rf55ZekOlc7RKnPKH7IxMBQUcQgBdWQnJ9XnJ+TqucMoUEKGSCAEaSwAACsNFCqYAAAAA==[0m[ERROR] To see the full stack trace of the errors, re-run Maven with the -e switch.
[8mha:////4JOSnVqr3aV9xt9dK4O2ctbA1F7ycyEPgk9BEPK8qQl3AAAAYB+LCAAAAAAAAP9b85aBtbiIQSmjNKU4P0+vJLE4u1gvPjexLDVPzxdEuhYV5Rf55ZekOlc7RKnPKH7IxMBQUcQgBdWQnJ9XnJ+TqucMoUEKGSCAEaSwAACsNFCqYAAAAA==[0m[ERROR] Re-run Maven using the -X switch to enable full debug logging.
[8mha:////4JOSnVqr3aV9xt9dK4O2ctbA1F7ycyEPgk9BEPK8qQl3AAAAYB+LCAAAAAAAAP9b85aBtbiIQSmjNKU4P0+vJLE4u1gvPjexLDVPzxdEuhYV5Rf55ZekOlc7RKnPKH7IxMBQUcQgBdWQnJ9XnJ+TqucMoUEKGSCAEaSwAACsNFCqYAAAAA==[0m[ERROR] 
[8mha:////4JOSnVqr3aV9xt9dK4O2ctbA1F7ycyEPgk9BEPK8qQl3AAAAYB+LCAAAAAAAAP9b85aBtbiIQSmjNKU4P0+vJLE4u1gvPjexLDVPzxdEuhYV5Rf55ZekOlc7RKnPKH7IxMBQUcQgBdWQnJ9XnJ+TqucMoUEKGSCAEaSwAACsNFCqYAAAAA==[0m[ERROR] For more information about the errors and possible solutions, please read the following articles:
[8mha:////4JOSnVqr3aV9xt9dK4O2ctbA1F7ycyEPgk9BEPK8qQl3AAAAYB+LCAAAAAAAAP9b85aBtbiIQSmjNKU4P0+vJLE4u1gvPjexLDVPzxdEuhYV5Rf55ZekOlc7RKnPKH7IxMBQUcQgBdWQnJ9XnJ+TqucMoUEKGSCAEaSwAACsNFCqYAAAAA==[0m[ERROR] [Help 1] http://cwiki.apache.org/confluence/display/MAVEN/ProjectBuildingException
[8mha:////4JOSnVqr3aV9xt9dK4O2ctbA1F7ycyEPgk9BEPK8qQl3AAAAYB+LCAAAAAAAAP9b85aBtbiIQSmjNKU4P0+vJLE4u1gvPjexLDVPzxdEuhYV5Rf55ZekOlc7RKnPKH7IxMBQUcQgBdWQnJ9XnJ+TqucMoUEKGSCAEaSwAACsNFCqYAAAAA==[0m[ERROR] [Help 2] http://cwiki.apache.org/confluence/display/MAVEN/ModelParseException
