2020.01.09 09:08:00 INFO  ce[][o.s.p.ProcessEntryPoint] Starting ce
2020.01.09 09:08:00 INFO  ce[][o.s.ce.app.CeServer] Compute Engine starting up...
2020.01.09 09:08:01 INFO  ce[][o.e.p.PluginsService] no modules loaded
2020.01.09 09:08:01 INFO  ce[][o.e.p.PluginsService] loaded plugin [org.elasticsearch.index.reindex.ReindexPlugin]
2020.01.09 09:08:01 INFO  ce[][o.e.p.PluginsService] loaded plugin [org.elasticsearch.join.ParentJoinPlugin]
2020.01.09 09:08:01 INFO  ce[][o.e.p.PluginsService] loaded plugin [org.elasticsearch.percolator.PercolatorPlugin]
2020.01.09 09:08:01 INFO  ce[][o.e.p.PluginsService] loaded plugin [org.elasticsearch.transport.Netty4Plugin]
2020.01.09 09:08:02 INFO  ce[][o.s.s.e.EsClientProvider] Connected to local Elasticsearch: [127.0.0.1:9001]
2020.01.09 09:08:02 INFO  ce[][o.sonar.db.Database] Create JDBC data source for jdbc:mysql://sonar-mysql:3306/sonar?useUnicode=true&characterEncoding=utf8&rewriteBatchedStatements=true
2020.01.09 09:08:04 INFO  ce[][o.s.s.p.ServerFileSystemImpl] SonarQube home: /opt/sonarqube
2020.01.09 09:08:04 INFO  ce[][o.s.c.c.CePluginRepository] Load plugins
2020.01.09 09:08:04 INFO  ce[][o.s.c.c.CePluginRepository] Loaded plugin SonarPython [python]
2020.01.09 09:08:04 INFO  ce[][o.s.c.c.CePluginRepository] Loaded plugin CSS [css]
2020.01.09 09:08:04 INFO  ce[][o.s.c.c.CePluginRepository] Loaded plugin PMD [pmd]
2020.01.09 09:08:04 INFO  ce[][o.s.c.c.CePluginRepository] Loaded plugin Motion Chart [motionchart]
2020.01.09 09:08:04 INFO  ce[][o.s.c.c.CePluginRepository] Loaded plugin SonarQube :: Plugins :: SCM :: SVN [scmsvn]
2020.01.09 09:08:04 INFO  ce[][o.s.c.c.CePluginRepository] Loaded plugin JavaScript [javascript]
2020.01.09 09:08:04 INFO  ce[][o.s.c.c.CePluginRepository] Loaded plugin Tab Metrics [tabmetrics]
2020.01.09 09:08:04 INFO  ce[][o.s.c.c.CePluginRepository] Loaded plugin Findbugs [findbugs]
2020.01.09 09:08:04 INFO  ce[][o.s.c.c.CePluginRepository] Loaded plugin SonarC# [csharp]
2020.01.09 09:08:04 INFO  ce[][o.s.c.c.CePluginRepository] Loaded plugin SonarJava [java]
2020.01.09 09:08:04 INFO  ce[][o.s.c.c.CePluginRepository] Loaded plugin Groovy [groovy]
2020.01.09 09:08:04 INFO  ce[][o.s.c.c.CePluginRepository] Loaded plugin LDAP [ldap]
2020.01.09 09:08:04 INFO  ce[][o.s.c.c.CePluginRepository] Loaded plugin Web [web]
2020.01.09 09:08:04 INFO  ce[][o.s.c.c.CePluginRepository] Loaded plugin XML [xml]
2020.01.09 09:08:04 INFO  ce[][o.s.c.c.CePluginRepository] Loaded plugin Flex [flex]
2020.01.09 09:08:04 INFO  ce[][o.s.c.c.CePluginRepository] Loaded plugin SonarQube :: Plugins :: SCM :: Git [scmgit]
2020.01.09 09:08:04 INFO  ce[][o.s.c.c.CePluginRepository] Loaded plugin Pitest [pitest]
2020.01.09 09:08:04 INFO  ce[][o.s.c.c.CePluginRepository] Loaded plugin SonarPHP [php]
2020.01.09 09:08:04 INFO  ce[][o.s.c.c.CePluginRepository] Loaded plugin Timeline [timeline]
2020.01.09 09:08:04 INFO  ce[][o.s.c.c.CePluginRepository] Loaded plugin SonarTS [typescript]
2020.01.09 09:08:04 INFO  ce[][o.s.c.c.CePluginRepository] Loaded plugin Build Breaker [buildbreaker]
2020.01.09 09:08:04 INFO  ce[][o.s.c.c.CePluginRepository] Loaded plugin Checkstyle [checkstyle]
2020.01.09 09:08:05 INFO  ce[][o.s.c.q.PurgeCeActivities] Delete the Compute Engine tasks created before Sat Jul 13 09:08:05 UTC 2019
2020.01.09 09:08:05 INFO  ce[][o.s.ce.app.CeServer] Compute Engine is operational
2020.01.09 09:13:12 WARN  ce[][o.a.i.e.BaseExecutor] Unexpected exception on closing transaction.  Cause: java.sql.SQLException: Already closed.
2020.01.09 09:13:12 ERROR ce[][o.s.c.t.CeWorkerImpl] Failed to pop the queue of analysis reports
org.apache.ibatis.exceptions.PersistenceException: 
### Error updating database.  Cause: org.apache.ibatis.transaction.TransactionException: Error configuring AutoCommit.  Your driver may not support getAutoCommit() or setAutoCommit(). Requested setting: false.  Cause: com.mysql.jdbc.exceptions.jdbc4.CommunicationsException: Communications link failure

The last packet successfully received from the server was 17 milliseconds ago.  The last packet sent successfully to the server was 17 milliseconds ago.
### Cause: org.apache.ibatis.transaction.TransactionException: Error configuring AutoCommit.  Your driver may not support getAutoCommit() or setAutoCommit(). Requested setting: false.  Cause: com.mysql.jdbc.exceptions.jdbc4.CommunicationsException: Communications link failure

The last packet successfully received from the server was 17 milliseconds ago.  The last packet sent successfully to the server was 17 milliseconds ago.
	at org.apache.ibatis.exceptions.ExceptionFactory.wrapException(ExceptionFactory.java:30)
	at org.apache.ibatis.session.defaults.DefaultSqlSession.update(DefaultSqlSession.java:200)
	at org.apache.ibatis.binding.MapperMethod.execute(MapperMethod.java:62)
	at org.apache.ibatis.binding.MapperProxy.invoke(MapperProxy.java:59)
	at com.sun.proxy.$Proxy37.resetToPendingForWorker(Unknown Source)
	at org.sonar.db.ce.CeQueueDao.resetToPendingForWorker(CeQueueDao.java:127)
	at org.sonar.ce.queue.InternalCeQueueImpl.peek(InternalCeQueueImpl.java:80)
	at org.sonar.ce.taskprocessor.CeWorkerImpl.tryAndFindTaskToExecute(CeWorkerImpl.java:106)
	at org.sonar.ce.taskprocessor.CeWorkerImpl.findAndProcessTask(CeWorkerImpl.java:91)
	at org.sonar.ce.taskprocessor.CeWorkerImpl.withCustomizedThreadName(CeWorkerImpl.java:81)
	at org.sonar.ce.taskprocessor.CeWorkerImpl.call(CeWorkerImpl.java:73)
	at org.sonar.ce.taskprocessor.CeWorkerImpl.call(CeWorkerImpl.java:43)
	at java.util.concurrent.FutureTask.run(FutureTask.java:266)
	at java.util.concurrent.Executors$RunnableAdapter.call(Executors.java:511)
	at java.util.concurrent.FutureTask.run(FutureTask.java:266)
	at java.util.concurrent.ScheduledThreadPoolExecutor$ScheduledFutureTask.access$201(ScheduledThreadPoolExecutor.java:180)
	at java.util.concurrent.ScheduledThreadPoolExecutor$ScheduledFutureTask.run(ScheduledThreadPoolExecutor.java:293)
	at java.util.concurrent.ThreadPoolExecutor.runWorker(ThreadPoolExecutor.java:1149)
	at java.util.concurrent.ThreadPoolExecutor$Worker.run(ThreadPoolExecutor.java:624)
	at java.lang.Thread.run(Thread.java:748)
Caused by: org.apache.ibatis.transaction.TransactionException: Error configuring AutoCommit.  Your driver may not support getAutoCommit() or setAutoCommit(). Requested setting: false.  Cause: com.mysql.jdbc.exceptions.jdbc4.CommunicationsException: Communications link failure

The last packet successfully received from the server was 17 milliseconds ago.  The last packet sent successfully to the server was 17 milliseconds ago.
	at org.apache.ibatis.transaction.jdbc.JdbcTransaction.setDesiredAutoCommit(JdbcTransaction.java:107)
	at org.apache.ibatis.transaction.jdbc.JdbcTransaction.openConnection(JdbcTransaction.java:142)
	at org.apache.ibatis.transaction.jdbc.JdbcTransaction.getConnection(JdbcTransaction.java:60)
	at org.apache.ibatis.executor.BaseExecutor.getConnection(BaseExecutor.java:336)
	at org.apache.ibatis.executor.ReuseExecutor.prepareStatement(ReuseExecutor.java:88)
	at org.apache.ibatis.executor.ReuseExecutor.doUpdate(ReuseExecutor.java:51)
	at org.apache.ibatis.executor.BaseExecutor.update(BaseExecutor.java:117)
	at org.apache.ibatis.executor.CachingExecutor.update(CachingExecutor.java:76)
	at org.apache.ibatis.session.defaults.DefaultSqlSession.update(DefaultSqlSession.java:198)
	... 18 common frames omitted
Caused by: com.mysql.jdbc.exceptions.jdbc4.CommunicationsException: Communications link failure

The last packet successfully received from the server was 17 milliseconds ago.  The last packet sent successfully to the server was 17 milliseconds ago.
	at sun.reflect.NativeConstructorAccessorImpl.newInstance0(Native Method)
	at sun.reflect.NativeConstructorAccessorImpl.newInstance(NativeConstructorAccessorImpl.java:62)
	at sun.reflect.DelegatingConstructorAccessorImpl.newInstance(DelegatingConstructorAccessorImpl.java:45)
	at java.lang.reflect.Constructor.newInstance(Constructor.java:423)
	at com.mysql.jdbc.Util.handleNewInstance(Util.java:425)
	at com.mysql.jdbc.SQLError.createCommunicationsException(SQLError.java:989)
	at com.mysql.jdbc.MysqlIO.reuseAndReadPacket(MysqlIO.java:3559)
	at com.mysql.jdbc.MysqlIO.reuseAndReadPacket(MysqlIO.java:3459)
	at com.mysql.jdbc.MysqlIO.checkErrorPacket(MysqlIO.java:3900)
	at com.mysql.jdbc.MysqlIO.sendCommand(MysqlIO.java:2527)
	at com.mysql.jdbc.MysqlIO.sqlQueryDirect(MysqlIO.java:2680)
	at com.mysql.jdbc.ConnectionImpl.execSQL(ConnectionImpl.java:2486)
	at com.mysql.jdbc.ConnectionImpl.setAutoCommit(ConnectionImpl.java:4778)
	at org.apache.commons.dbcp.DelegatingConnection.setAutoCommit(DelegatingConnection.java:371)
	at org.apache.commons.dbcp.PoolingDataSource$PoolGuardConnectionWrapper.setAutoCommit(PoolingDataSource.java:328)
	at org.apache.ibatis.transaction.jdbc.JdbcTransaction.setDesiredAutoCommit(JdbcTransaction.java:102)
	... 26 common frames omitted
Caused by: java.io.EOFException: Can not read response from server. Expected to read 4 bytes, read 0 bytes before connection was unexpectedly lost.
	at com.mysql.jdbc.MysqlIO.readFully(MysqlIO.java:3011)
	at com.mysql.jdbc.MysqlIO.reuseAndReadPacket(MysqlIO.java:3469)
	... 35 common frames omitted
2020.01.09 09:13:14 ERROR ce[][o.s.c.t.CeWorkerImpl] Failed to pop the queue of analysis reports
org.apache.ibatis.exceptions.PersistenceException: 
### Error updating database.  Cause: com.mysql.jdbc.exceptions.jdbc4.CommunicationsException: Communications link failure

The last packet sent successfully to the server was 0 milliseconds ago. The driver has not received any packets from the server.
### Cause: com.mysql.jdbc.exceptions.jdbc4.CommunicationsException: Communications link failure

The last packet sent successfully to the server was 0 milliseconds ago. The driver has not received any packets from the server.
	at org.apache.ibatis.exceptions.ExceptionFactory.wrapException(ExceptionFactory.java:30)
	at org.apache.ibatis.session.defaults.DefaultSqlSession.update(DefaultSqlSession.java:200)
	at org.apache.ibatis.binding.MapperMethod.execute(MapperMethod.java:62)
	at org.apache.ibatis.binding.MapperProxy.invoke(MapperProxy.java:59)
	at com.sun.proxy.$Proxy37.resetToPendingForWorker(Unknown Source)
	at org.sonar.db.ce.CeQueueDao.resetToPendingForWorker(CeQueueDao.java:127)
	at org.sonar.ce.queue.InternalCeQueueImpl.peek(InternalCeQueueImpl.java:80)
	at org.sonar.ce.taskprocessor.CeWorkerImpl.tryAndFindTaskToExecute(CeWorkerImpl.java:106)
	at org.sonar.ce.taskprocessor.CeWorkerImpl.findAndProcessTask(CeWorkerImpl.java:91)
	at org.sonar.ce.taskprocessor.CeWorkerImpl.withCustomizedThreadName(CeWorkerImpl.java:81)
	at org.sonar.ce.taskprocessor.CeWorkerImpl.call(CeWorkerImpl.java:73)
	at org.sonar.ce.taskprocessor.CeWorkerImpl.call(CeWorkerImpl.java:43)
	at java.util.concurrent.FutureTask.run(FutureTask.java:266)
	at java.util.concurrent.Executors$RunnableAdapter.call(Executors.java:511)
	at java.util.concurrent.FutureTask.run(FutureTask.java:266)
	at java.util.concurrent.ScheduledThreadPoolExecutor$ScheduledFutureTask.access$201(ScheduledThreadPoolExecutor.java:180)
	at java.util.concurrent.ScheduledThreadPoolExecutor$ScheduledFutureTask.run(ScheduledThreadPoolExecutor.java:293)
	at java.util.concurrent.ThreadPoolExecutor.runWorker(ThreadPoolExecutor.java:1149)
	at java.util.concurrent.ThreadPoolExecutor$Worker.run(ThreadPoolExecutor.java:624)
	at java.lang.Thread.run(Thread.java:748)
Caused by: com.mysql.jdbc.exceptions.jdbc4.CommunicationsException: Communications link failure

The last packet sent successfully to the server was 0 milliseconds ago. The driver has not received any packets from the server.
	at sun.reflect.NativeConstructorAccessorImpl.newInstance0(Native Method)
	at sun.reflect.NativeConstructorAccessorImpl.newInstance(NativeConstructorAccessorImpl.java:62)
	at sun.reflect.DelegatingConstructorAccessorImpl.newInstance(DelegatingConstructorAccessorImpl.java:45)
	at java.lang.reflect.Constructor.newInstance(Constructor.java:423)
	at com.mysql.jdbc.Util.handleNewInstance(Util.java:425)
	at com.mysql.jdbc.SQLError.createCommunicationsException(SQLError.java:989)
	at com.mysql.jdbc.MysqlIO.<init>(MysqlIO.java:341)
	at com.mysql.jdbc.ConnectionImpl.coreConnect(ConnectionImpl.java:2192)
	at com.mysql.jdbc.ConnectionImpl.connectOneTryOnly(ConnectionImpl.java:2225)
	at com.mysql.jdbc.ConnectionImpl.createNewIO(ConnectionImpl.java:2024)
	at com.mysql.jdbc.ConnectionImpl.<init>(ConnectionImpl.java:779)
	at com.mysql.jdbc.JDBC4Connection.<init>(JDBC4Connection.java:47)
	at sun.reflect.NativeConstructorAccessorImpl.newInstance0(Native Method)
	at sun.reflect.NativeConstructorAccessorImpl.newInstance(NativeConstructorAccessorImpl.java:62)
	at sun.reflect.DelegatingConstructorAccessorImpl.newInstance(DelegatingConstructorAccessorImpl.java:45)
	at java.lang.reflect.Constructor.newInstance(Constructor.java:423)
	at com.mysql.jdbc.Util.handleNewInstance(Util.java:425)
	at com.mysql.jdbc.ConnectionImpl.getInstance(ConnectionImpl.java:389)
	at com.mysql.jdbc.NonRegisteringDriver.connect(NonRegisteringDriver.java:330)
	at org.apache.commons.dbcp.DriverConnectionFactory.createConnection(DriverConnectionFactory.java:38)
	at org.apache.commons.dbcp.PoolableConnectionFactory.makeObject(PoolableConnectionFactory.java:582)
	at org.apache.commons.pool.impl.GenericObjectPool.borrowObject(GenericObjectPool.java:1148)
	at org.apache.commons.dbcp.PoolingDataSource.getConnection(PoolingDataSource.java:106)
	at org.apache.commons.dbcp.BasicDataSource.getConnection(BasicDataSource.java:1044)
	at org.sonar.db.profiling.NullConnectionInterceptor.getConnection(NullConnectionInterceptor.java:31)
	at org.sonar.db.profiling.ProfiledDataSource.getConnection(ProfiledDataSource.java:323)
	at org.apache.ibatis.transaction.jdbc.JdbcTransaction.openConnection(JdbcTransaction.java:138)
	at org.apache.ibatis.transaction.jdbc.JdbcTransaction.getConnection(JdbcTransaction.java:60)
	at org.apache.ibatis.executor.BaseExecutor.getConnection(BaseExecutor.java:336)
	at org.apache.ibatis.executor.ReuseExecutor.prepareStatement(ReuseExecutor.java:88)
	at org.apache.ibatis.executor.ReuseExecutor.doUpdate(ReuseExecutor.java:51)
	at org.apache.ibatis.executor.BaseExecutor.update(BaseExecutor.java:117)
	at org.apache.ibatis.executor.CachingExecutor.update(CachingExecutor.java:76)
	at org.apache.ibatis.session.defaults.DefaultSqlSession.update(DefaultSqlSession.java:198)
	... 18 common frames omitted
Caused by: java.net.ConnectException: Connection refused (Connection refused)
	at java.net.PlainSocketImpl.socketConnect(Native Method)
	at java.net.AbstractPlainSocketImpl.doConnect(AbstractPlainSocketImpl.java:350)
	at java.net.AbstractPlainSocketImpl.connectToAddress(AbstractPlainSocketImpl.java:206)
	at java.net.AbstractPlainSocketImpl.connect(AbstractPlainSocketImpl.java:188)
	at java.net.SocksSocketImpl.connect(SocksSocketImpl.java:392)
	at java.net.Socket.connect(Socket.java:589)
	at com.mysql.jdbc.StandardSocketFactory.connect(StandardSocketFactory.java:211)
	at com.mysql.jdbc.MysqlIO.<init>(MysqlIO.java:300)
	... 45 common frames omitted
